unix date hour P_in_[hP] H_in_[%] T_in_[C] P_out_[hP] H_out_[%] T_out_[C] T_room_[C] H_room_[%] D_room_[C] P_room_[hP] CF4
1679164455 2023-03-18 18:34:15 999.34 0.00 22.01 998.98 9.57 21.69 22.1 33.5 5.3 995.1 33.1 24.18 1.43
1679164515 2023-03-18 18:35:15 999.35 0.00 22.02 999.00 9.57 21.70 22.1 33.4 5.3 995.1 33.15 24.18 1.43
1679164576 2023-03-18 18:36:16 999.36 0.00 22.02 999.00 9.57 21.70 22.1 33.4 5.3 995.1 33.14 24.18 1.43
1679164636 2023-03-18 18:37:16 999.39 0.00 22.02 999.03 9.57 21.70 22.1 33.4 5.3 995.1 33.14 24.18 1.43
1679164696 2023-03-18 18:38:16 999.40 0.00 22.02 999.08 9.57 21.70 22.1 33.4 5.3 995.2 33.14 24.18 1.43
1679164756 2023-03-18 18:39:16 999.40 0.00 22.02 999.06 9.59 21.70 22.1 33.5 5.3 995.2 33.14 24.18 1.43
1679164816 2023-03-18 18:40:16 999.41 0.00 22.02 999.09 9.55 21.70 22.0 33.5 5.3 995.2 33.14 24.18 1.43
1679164876 2023-03-18 18:41:16 999.41 0.00 22.02 999.08 9.54 21.70 22.0 33.5 5.2 995.2 33.14 24.18 1.43
1679164937 2023-03-18 18:42:17 999.43 0.00 22.02 999.09 9.53 21.70 22.0 33.5 5.2 995.1 33.14 24.18 1.43
1679164997 2023-03-18 18:43:17 999.44 0.00 22.02 999.09 9.51 21.70 22.0 33.5 5.2 995.2 33.14 24.17 1.43
1679165057 2023-03-18 18:44:17 999.47 0.00 22.01 999.11 9.51 21.70 22.0 33.6 5.3 995.2 33.14 24.17 1.43
1679165117 2023-03-18 18:45:17 999.46 0.00 22.01 999.13 9.51 21.69 22.0 33.6 5.3 995.2 33.14 24.17 1.43
1679165178 2023-03-18 18:46:18 999.48 0.00 22.01 999.15 9.54 21.69 22.0 33.6 5.3 995.2 33.14 24.16 1.43
1679165238 2023-03-18 18:47:18 999.48 0.00 22.00 999.16 9.55 21.69 22.0 33.5 5.2 995.2 33.13 24.16 1.43
1679165298 2023-03-18 18:48:18 999.51 0.00 22.00 999.21 9.56 21.68 22.0 33.5 5.2 995.3 33.13 24.16 1.43
1679165358 2023-03-18 18:49:18 999.55 0.00 22.00 999.21 9.57 21.68 22.0 33.5 5.2 995.3 33.13 24.16 1.43
1679165419 2023-03-18 18:50:19 999.57 0.00 22.00 999.23 9.57 21.68 22.0 33.5 5.2 995.3 33.14 24.16 1.43
1679165479 2023-03-18 18:51:19 999.57 0.00 22.00 999.24 9.58 21.68 22.0 33.5 5.2 995.4 33.14 24.16 1.43
1679165539 2023-03-18 18:52:19 999.61 0.00 22.00 999.29 9.58 21.68 22.0 33.5 5.2 995.4 33.14 24.16 1.43
1679165599 2023-03-18 18:53:19 999.62 0.00 22.00 999.30 9.60 21.68 22.0 33.5 5.3 995.4 33.14 24.16 1.43
1679165659 2023-03-18 18:54:19 999.65 0.00 22.00 999.31 9.60 21.68 22.0 33.5 5.3 995.4 33.14 24.16 1.43
1679165720 2023-03-18 18:55:20 999.66 0.00 22.00 999.31 9.60 21.68 22.0 33.5 5.3 995.4 33.1 24.16 1.43
1679165780 2023-03-18 18:56:20 999.68 0.00 22.00 999.34 9.60 21.68 22.0 33.5 5.3 995.4 33.13 24.17 1.43
1679165840 2023-03-18 18:57:20 999.69 0.00 22.00 999.37 9.60 21.68 22.0 33.5 5.3 995.5 33.13 24.17 1.43
1679165900 2023-03-18 18:58:20 999.69 0.00 22.00 999.36 9.61 21.68 22.0 33.5 5.3 995.5 33.13 24.16 1.43
1679165961 2023-03-18 18:59:21 999.69 0.00 22.00 999.38 9.61 21.68 22.0 33.5 5.3 995.4 33.13 24.16 1.43
1679166021 2023-03-18 19:00:21 999.69 0.00 22.00 999.37 9.60 21.69 22.0 33.5 5.3 995.4 33.13 24.16 1.43
1679166081 2023-03-18 19:01:21 999.67 0.00 22.00 999.37 9.60 21.69 22.0 33.5 5.3 995.4 33.13 24.16 1.43
1679166141 2023-03-18 19:02:21 999.66 0.00 22.00 999.35 9.58 21.69 22.0 33.5 5.3 995.4 33.13 24.16 1.43
1679166201 2023-03-18 19:03:21 999.68 0.00 22.00 999.35 9.58 21.69 22.0 33.5 5.3 995.4 33.14 24.16 1.43
1679166262 2023-03-18 19:04:22 999.67 0.00 22.00 999.34 9.58 21.69 22.0 33.5 5.3 995.4 33.14 24.16 1.43
1679166322 2023-03-18 19:05:22 999.68 0.00 22.01 999.31 9.58 21.69 22.0 33.5 5.3 995.4 33.14 24.16 1.43
1679166382 2023-03-18 19:06:22 999.65 0.00 22.01 999.29 9.60 21.69 22.0 33.5 5.3 995.4 33.13 24.16 1.43
1679166443 2023-03-18 19:07:23 999.64 0.00 22.01 999.27 9.58 21.69 22.0 33.5 5.3 995.3 33.13 24.16 1.43
1679166503 2023-03-18 19:08:23 999.62 0.00 22.01 999.25 9.58 21.69 22.1 33.5 5.3 995.3 33.13 24.16 1.43
1679166563 2023-03-18 19:09:23 999.60 0.00 22.01 999.23 9.58 21.69 22.0 33.5 5.3 995.3 33.13 24.16 1.43
1679166623 2023-03-18 19:10:23 999.58 0.00 22.01 999.22 9.59 21.70 22.1 33.5 5.3 995.2 33.13 24.16 1.43
1679166684 2023-03-18 19:11:24 999.57 0.00 22.01 999.20 9.57 21.70 22.1 33.5 5.3 995.3 33.13 24.16 1.43
1679166744 2023-03-18 19:12:24 999.55 0.00 22.01 999.20 9.57 21.70 22.0 33.5 5.3 995.3 33.13 24.16 1.43
1679166804 2023-03-18 19:13:24 999.55 0.00 22.02 999.19 9.57 21.70 22.0 33.5 5.3 995.3 33.13 24.16 1.43
1679166865 2023-03-18 19:14:25 999.56 0.00 22.02 999.19 9.57 21.70 22.0 33.5 5.3 995.2 33.14 24.16 1.43
1679166925 2023-03-18 19:15:25 999.56 0.00 22.01 999.18 9.57 21.70 22.0 33.5 5.3 995.3 33.14 24.16 1.43
1679166985 2023-03-18 19:16:25 999.53 0.00 22.02 999.19 9.56 21.70 22.0 33.5 5.3 995.3 33.14 24.16 1.43
1679167046 2023-03-18 19:17:26 999.55 0.00 22.01 999.19 9.57 21.70 22.0 33.5 5.3 995.3 33.1 24.16 1.43
1679167106 2023-03-18 19:18:26 999.56 0.00 22.02 999.19 9.57 21.70 22.0 33.6 5.3 995.3 33.14 24.16 1.43
1679167166 2023-03-18 19:19:26 999.57 0.00 22.01 999.23 9.56 21.70 22.0 33.6 5.3 995.3 33.15 24.16 1.43
1679167226 2023-03-18 19:20:26 999.59 0.00 22.02 999.22 9.57 21.70 22.0 33.6 5.3 995.3 33.14 24.16 1.43
1679167286 2023-03-18 19:21:26 999.58 0.00 22.01 999.25 9.56 21.70 22.0 33.6 5.3 995.3 33.14 24.16 1.43
1679167346 2023-03-18 19:22:26 999.62 0.00 22.02 999.27 9.57 21.70 22.0 33.6 5.3 995.4 33.13 24.16 1.43
1679167408 2023-03-18 19:23:28 999.66 0.00 22.02 999.28 9.57 21.70 22.0 33.5 5.3 995.4 33.14 24.16 1.43
1679169925 2023-03-18 20:05:25 999.80 0.00 21.99 999.49 9.61 21.67 22.0 33.5 5.2 995.6 33.12 24.10 1.43
1679169931 2023-03-18 20:05:31 999.80 0.00 21.99 999.49 9.62 21.67 22.0 33.5 5.2 995.6 33.12 24.10 1.43
1679169936 2023-03-18 20:05:36 999.82 0.00 21.98 999.50 9.62 21.67 22.0 33.5 5.2 995.6 33.12 24.10 1.43
1679170007 2023-03-18 20:06:47 999.83 0.00 21.98 999.49 9.63 21.67 22.0 33.5 5.2 995.6 33.12 24.09 1.43
1679170067 2023-03-18 20:07:47 999.88 0.00 21.98 999.52 9.62 21.67 22.0 33.5 5.2 995.6 33.12 24.09 1.43
1679170128 2023-03-18 20:08:48 999.88 0.00 21.97 999.53 9.63 21.67 22.0 33.5 5.2 995.6 33.12 24.09 1.43
1679170188 2023-03-18 20:09:48 999.91 0.00 21.97 999.52 9.64 21.66 22.0 33.5 5.2 995.6 33.11 24.08 1.43
1679170249 2023-03-18 20:10:49 999.92 0.00 21.97 999.55 9.66 21.66 22.0 33.5 5.2 995.7 33.12 24.09 1.43
1679170309 2023-03-18 20:11:49 999.93 0.00 21.97 999.56 9.66 21.66 22.0 33.5 5.2 995.7 33.12 24.08 1.43
1679170369 2023-03-18 20:12:49 999.95 0.00 21.97 999.57 9.64 21.65 22.0 33.5 5.2 995.7 33.12 24.08 1.43
1679170429 2023-03-18 20:13:49 999.97 0.00 21.97 999.59 9.63 21.65 21.9 33.5 5.2 995.7 33.1 24.08 1.43
1679170490 2023-03-18 20:14:50 999.92 0.00 21.96 999.59 9.65 21.65 21.9 33.5 5.2 995.7 33.12 24.08 1.43
1679170550 2023-03-18 20:15:50 999.91 0.00 21.96 999.59 9.65 21.65 21.9 33.5 5.2 995.7 33.12 24.07 1.43
1679170610 2023-03-18 20:16:50 999.92 0.00 21.96 999.55 9.65 21.64 21.9 33.5 5.2 995.7 33.11 24.07 1.43
1679170670 2023-03-18 20:17:50 999.93 0.00 21.95 999.56 9.67 21.64 21.9 33.5 5.2 995.7 33.11 24.07 1.43
1679170730 2023-03-18 20:18:50 999.97 0.00 21.95 999.56 9.67 21.64 21.9 33.4 5.2 995.7 33.11 24.07 1.43
1679170791 2023-03-18 20:19:51 999.97 0.00 21.95 999.59 9.68 21.64 21.9 33.4 5.2 995.7 33.11 24.07 1.43
1679170851 2023-03-18 20:20:51 999.98 0.00 21.95 999.60 9.69 21.64 21.9 33.4 5.2 995.7 33.11 24.07 1.43
1679170911 2023-03-18 20:21:51 999.98 0.00 21.95 999.61 9.69 21.64 22.0 33.4 5.2 995.7 33.11 24.07 1.43
1679170971 2023-03-18 20:22:51 999.99 0.00 21.95 999.62 9.69 21.63 22.0 33.4 5.2 995.7 33.11 24.07 1.43
1679171031 2023-03-18 20:23:51 999.98 0.00 21.94 999.63 9.69 21.63 21.9 33.4 5.1 995.7 33.11 24.06 1.43
1679171092 2023-03-18 20:24:52 999.97 0.00 21.94 999.63 9.70 21.63 21.9 33.4 5.1 995.7 33.10 24.06 1.43
1679171152 2023-03-18 20:25:52 999.98 0.00 21.94 999.59 9.70 21.62 21.9 33.4 5.1 995.7 33.10 24.06 1.43
1679171212 2023-03-18 20:26:52 999.96 0.00 21.93 999.58 9.70 21.62 21.9 33.4 5.1 995.7 33.10 24.06 1.43
1679171272 2023-03-18 20:27:52 999.95 0.00 21.93 999.58 9.70 21.62 21.9 33.4 5.1 995.7 33.10 24.05 1.43
1679171332 2023-03-18 20:28:52 999.95 0.00 21.93 999.56 9.70 21.61 21.9 33.4 5.1 995.7 33.10 24.05 1.43
1679171393 2023-03-18 20:29:53 999.96 0.00 21.93 999.55 9.70 21.61 21.9 33.4 5.1 995.6 33.1 24.05 1.43
1679171453 2023-03-18 20:30:53 999.89 0.00 21.93 999.55 9.70 21.61 21.9 33.4 5.1 995.6 33.10 24.05 1.43
1679171513 2023-03-18 20:31:53 999.89 0.00 21.92 999.55 9.70 21.61 21.9 33.4 5.1 995.6 33.1 24.05 1.43
1679171573 2023-03-18 20:32:53 999.86 0.00 21.92 999.53 9.71 21.61 21.9 33.4 5.1 995.6 33.11 24.04 1.43
1679171634 2023-03-18 20:33:54 999.85 0.00 21.92 999.50 9.71 21.60 21.9 33.4 5.1 995.6 33.10 24.04 1.43
1679171694 2023-03-18 20:34:54 999.84 0.00 21.91 999.47 9.71 21.60 21.9 33.4 5.1 995.6 33.1 24.03 1.43
1679171754 2023-03-18 20:35:54 999.82 0.00 21.91 999.44 9.70 21.59 21.9 33.4 5.1 995.5 33.10 24.03 1.43
1679171814 2023-03-18 20:36:54 999.77 0.00 21.91 999.41 9.70 21.59 21.9 33.4 5.1 995.5 33.10 24.03 1.43
1679171874 2023-03-18 20:37:54 999.74 0.00 21.90 999.39 9.71 21.59 21.9 33.4 5.1 995.5 33.1 24.03 1.43
1679171935 2023-03-18 20:38:55 999.73 0.00 21.90 999.39 9.71 21.59 21.9 33.4 5.1 995.5 33.10 24.02 1.43
1679171995 2023-03-18 20:39:55 999.75 0.00 21.89 999.41 9.72 21.59 21.9 33.4 5.1 995.5 33.10 24.02 1.43
1679172055 2023-03-18 20:40:55 999.72 0.00 21.89 999.39 9.74 21.58 21.9 33.4 5.1 995.5 33.0 24.02 1.43
1679172115 2023-03-18 20:41:55 999.75 0.00 21.89 999.41 9.73 21.58 21.9 33.4 5.1 995.5 33.10 24.01 1.43
1679172176 2023-03-18 20:42:56 999.77 0.00 21.89 999.43 9.75 21.58 21.9 33.4 5.1 995.5 33.1 24.01 1.43
1679172236 2023-03-18 20:43:56 999.78 0.00 21.88 999.44 9.75 21.57 21.9 33.4 5.1 995.6 33.10 24.01 1.43
1679172296 2023-03-18 20:44:56 999.79 0.00 21.88 999.46 9.76 21.57 21.9 33.4 5.1 995.5 33.10 24.00 1.43
1679172356 2023-03-18 20:45:56 999.83 0.00 21.88 999.47 9.77 21.57 21.9 33.4 5.1 995.6 33.10 24.00 1.43
1679172417 2023-03-18 20:46:57 999.81 0.00 21.88 999.43 9.77 21.56 21.9 33.4 5.1 995.6 33.10 24.00 1.43
1679172477 2023-03-18 20:47:57 999.83 0.00 21.87 999.45 9.77 21.56 21.9 33.4 5.1 995.6 33.10 24.00 1.43
1679172537 2023-03-18 20:48:57 999.83 0.00 21.87 999.47 9.78 21.56 21.9 33.4 5.1 995.6 33.10 23.99 1.43
1679172598 2023-03-18 20:49:58 999.83 0.00 21.87 999.47 9.78 21.56 21.9 33.4 5.1 995.6 33.10 23.99 1.43
1679172658 2023-03-18 20:50:58 999.85 0.00 21.87 999.49 9.79 21.56 21.9 33.4 5.1 995.6 33.10 23.99 1.43
1679172718 2023-03-18 20:51:58 999.86 0.00 21.86 999.51 9.81 21.55 21.9 33.4 5.0 995.6 33.10 23.99 1.43
1679172779 2023-03-18 20:52:59 999.89 0.00 21.86 999.52 9.79 21.55 21.9 33.4 5.1 995.6 33.09 23.98 1.43
1679172839 2023-03-18 20:53:59 999.89 0.00 21.86 999.53 9.79 21.55 21.9 33.4 5.0 995.6 33.0 23.98 1.43
1679172899 2023-03-18 20:54:59 999.89 0.00 21.86 999.51 9.80 21.54 21.9 33.4 5.1 995.6 33.10 23.98 1.43
1679172959 2023-03-18 20:55:59 999.87 0.00 21.85 999.52 9.80 21.54 21.8 33.4 5.0 995.6 33.09 23.98 1.43
1679173019 2023-03-18 20:56:59 999.86 0.00 21.85 999.52 9.80 21.54 21.8 33.4 5.0 995.6 33.09 23.97 1.43
1679173081 2023-03-18 20:58:01 999.88 0.00 21.85 999.52 9.82 21.53 21.8 33.4 5.0 995.6 33.09 23.97 1.43
1679173141 2023-03-18 20:59:01 999.87 0.00 21.85 999.53 9.82 21.53 21.8 33.4 5.0 995.7 33.09 23.97 1.43
1679173201 2023-03-18 21:00:01 999.87 0.00 21.85 999.53 9.82 21.53 21.8 33.4 5.0 995.6 33.09 23.97 1.43
1679173262 2023-03-18 21:01:02 999.89 0.00 21.84 999.53 9.82 21.53 21.8 33.4 5.0 995.6 33.10 23.96 1.43
1679173322 2023-03-18 21:02:02 999.89 0.00 21.84 999.50 9.83 21.53 21.8 33.4 5.0 995.6 33.10 23.96 1.43
1679173382 2023-03-18 21:03:02 999.90 0.00 21.83 999.51 9.82 21.52 21.8 33.4 5.0 995.6 33.09 23.96 1.43
1679173442 2023-03-18 21:04:02 999.93 0.00 21.83 999.54 9.81 21.51 21.8 33.4 5.0 995.7 33.0 23.96 1.43
1679173502 2023-03-18 21:05:02 999.92 0.00 21.83 999.59 9.80 21.51 21.8 33.4 5.0 995.7 33.1 23.95 1.43
1679173563 2023-03-18 21:06:03 999.98 0.00 21.82 999.57 9.80 21.51 21.8 33.5 5.0 995.7 33.10 23.95 1.43
1679173623 2023-03-18 21:07:03 1000.00 0.00 21.82 999.62 9.81 21.50 21.7 33.5 5.0 995.8 33.1 23.94 1.43
1679173683 2023-03-18 21:08:03 1000.00 0.00 21.81 999.64 9.83 21.49 21.7 33.5 5.0 995.8 33.10 23.94 1.43
1679173744 2023-03-18 21:09:04 1000.04 0.00 21.80 999.63 9.84 21.49 21.7 33.5 5.0 995.8 33.10 23.93 1.43
1679173804 2023-03-18 21:10:04 1000.05 0.00 21.80 999.65 9.85 21.48 21.7 33.5 5.0 995.8 33.10 23.92 1.43
1679173864 2023-03-18 21:11:04 1000.07 0.00 21.79 999.68 9.87 21.47 21.8 33.4 5.0 995.8 33.10 23.92 1.43
1679173924 2023-03-18 21:12:04 1000.04 0.00 21.79 999.67 9.87 21.47 21.8 33.4 5.0 995.8 33.09 23.92 1.43
1679173985 2023-03-18 21:13:05 1000.06 0.00 21.78 999.68 9.88 21.47 21.8 33.4 5.0 995.8 33.09 23.92 1.43
1679174045 2023-03-18 21:14:05 1000.05 0.00 21.78 999.66 9.90 21.46 21.8 33.4 5.0 995.8 33.08 23.91 1.43
1679174105 2023-03-18 21:15:05 1000.06 0.00 21.78 999.66 9.91 21.46 21.8 33.4 5.0 995.8 33.09 23.91 1.43
1679174165 2023-03-18 21:16:05 1000.06 0.00 21.78 999.67 9.93 21.46 21.8 33.4 5.0 995.8 33.09 23.90 1.43
1679174225 2023-03-18 21:17:05 1000.03 0.00 21.77 999.65 9.91 21.46 21.8 33.4 5.0 995.8 33.09 23.91 1.43
1679174286 2023-03-18 21:18:06 1000.03 0.00 21.77 999.65 9.92 21.45 21.8 33.3 5.0 995.7 33.10 23.90 1.43
1679174346 2023-03-18 21:19:06 1000.05 0.00 21.77 999.67 9.93 21.45 21.8 33.3 5.0 995.8 33.10 23.89 1.43
1679174407 2023-03-18 21:20:07 1000.04 0.00 21.77 999.68 9.93 21.45 21.8 33.3 5.0 995.8 33.10 23.90 1.43
1679174467 2023-03-18 21:21:07 1000.04 0.00 21.77 999.64 9.94 21.45 21.8 33.3 5.0 995.7 33.10 23.89 1.43
1679174527 2023-03-18 21:22:07 1000.04 0.00 21.76 999.63 9.94 21.44 21.8 33.4 5.0 995.8 33.1 23.89 1.43
1679174588 2023-03-18 21:23:08 1000.05 0.00 21.76 999.64 9.94 21.44 21.8 33.4 5.0 995.8 33.10 23.89 1.43
1679174648 2023-03-18 21:24:08 1000.06 0.00 21.76 999.65 9.94 21.44 21.8 33.4 5.0 995.8 33.09 23.89 1.43
1679174708 2023-03-18 21:25:08 1000.06 0.00 21.76 999.64 9.95 21.44 21.8 33.3 5.0 995.8 33.10 23.88 1.43
1679174769 2023-03-18 21:26:09 1000.05 0.00 21.76 999.64 9.94 21.44 21.8 33.3 5.0 995.8 33.1 23.88 1.43
1679174829 2023-03-18 21:27:09 1000.05 0.00 21.76 999.61 9.95 21.44 21.8 33.3 5.0 995.8 33.11 23.87 1.43
1679174889 2023-03-18 21:28:09 1000.06 0.00 21.76 999.64 9.97 21.43 21.8 33.3 5.0 995.7 33.10 23.88 1.43
1679174950 2023-03-18 21:29:10 1000.03 0.00 21.75 999.66 9.95 21.44 21.8 33.3 5.0 995.8 33.10 23.87 1.43
1679175010 2023-03-18 21:30:10 1000.01 0.00 21.75 999.69 9.98 21.43 21.8 33.3 5.0 995.8 33.11 23.86 1.43
1679175070 2023-03-18 21:31:10 1000.04 0.00 21.75 999.68 9.98 21.43 21.8 33.3 4.9 995.8 33.11 23.86 1.43
1679175130 2023-03-18 21:32:10 1000.06 0.00 21.75 999.67 9.99 21.43 21.8 33.3 4.9 995.8 33.10 23.86 1.43
1679175190 2023-03-18 21:33:10 1000.06 0.00 21.75 999.70 9.99 21.43 21.8 33.3 4.9 995.8 33.1 23.86 1.43
1679175251 2023-03-18 21:34:11 1000.07 0.00 21.75 999.67 10.03 21.43 21.8 33.3 4.9 995.8 33.11 23.86 1.43
1679175311 2023-03-18 21:35:11 1000.09 0.00 21.75 999.71 10.00 21.43 21.8 33.3 5.0 995.8 33.11 23.85 1.43
1679175371 2023-03-18 21:36:11 1000.11 0.00 21.75 999.73 10.00 21.43 21.8 33.3 4.9 995.9 33.10 23.85 1.43
1679175431 2023-03-18 21:37:11 1000.14 0.00 21.75 999.74 10.00 21.43 21.8 33.3 4.9 995.9 33.10 23.85 1.43
1679175492 2023-03-18 21:38:12 1000.17 0.00 21.74 999.76 10.00 21.43 21.8 33.3 4.9 995.9 33.10 23.85 1.43
1679175552 2023-03-18 21:39:12 1000.19 0.00 21.74 999.78 10.00 21.43 21.8 33.3 4.9 995.9 33.10 23.85 1.43
1679175612 2023-03-18 21:40:12 1000.17 0.00 21.74 999.80 10.01 21.43 21.8 33.3 4.9 995.9 33.10 23.85 1.43
1679175672 2023-03-18 21:41:12 1000.18 0.00 21.74 999.78 10.01 21.42 21.8 33.3 4.9 995.9 33.10 23.85 1.43
1679175732 2023-03-18 21:42:12 1000.18 0.00 21.74 999.81 10.01 21.43 21.8 33.3 4.9 995.9 33.1 23.84 1.43
1679175793 2023-03-18 21:43:13 1000.19 0.00 21.74 999.81 10.01 21.42 21.8 33.3 4.9 995.9 33.10 23.84 1.43
1679175853 2023-03-18 21:44:13 1000.19 0.00 21.74 999.80 10.01 21.42 21.8 33.3 4.9 995.9 33.11 23.84 1.43
1679175913 2023-03-18 21:45:13 1000.18 0.00 21.74 999.82 10.01 21.42 21.8 33.3 4.9 995.9 33.1 23.84 1.43
1679175974 2023-03-18 21:46:14 1000.20 0.00 21.74 999.81 10.01 21.42 21.8 33.3 4.9 995.9 33.10 23.84 1.43
1679176034 2023-03-18 21:47:14 1000.22 0.00 21.74 999.83 10.01 21.42 21.8 33.3 4.9 996.0 33.11 23.83 1.43
1679176094 2023-03-18 21:48:14 1000.23 0.00 21.74 999.87 10.03 21.42 21.8 33.3 4.9 996.0 33.1 23.84 1.43
1679176154 2023-03-18 21:49:14 1000.27 0.00 21.74 999.89 10.03 21.42 21.8 33.3 4.9 996.0 33.10 23.84 1.43
1679176215 2023-03-18 21:50:15 1000.27 0.00 21.74 999.91 10.04 21.42 21.8 33.3 4.9 996.0 33.10 23.83 1.43
1679176275 2023-03-18 21:51:15 1000.29 0.00 21.74 999.92 10.03 21.42 21.8 33.3 4.9 996.0 33.10 23.83 1.43
1679176335 2023-03-18 21:52:15 1000.30 0.00 21.74 999.93 10.03 21.42 21.8 33.3 4.9 996.0 33.10 23.83 1.43
1679176395 2023-03-18 21:53:15 1000.23 0.00 21.73 999.92 10.03 21.42 21.8 33.3 4.9 996.0 33.10 23.83 1.43
1679176455 2023-03-18 21:54:15 1000.23 0.00 21.73 999.93 10.03 21.42 21.8 33.3 4.9 996.0 33.10 23.83 1.43
1679176516 2023-03-18 21:55:16 1000.23 0.00 21.73 999.91 10.03 21.42 21.8 33.3 4.9 996.0 33.10 23.83 1.43
1679176576 2023-03-18 21:56:16 1000.23 0.00 21.73 999.91 10.03 21.42 21.8 33.3 4.9 996.0 33.10 23.82 1.43
1679176636 2023-03-18 21:57:16 1000.24 0.00 21.73 999.90 10.04 21.42 21.7 33.3 4.9 996.0 33.10 23.82 1.43
1679176697 2023-03-18 21:58:17 1000.21 0.00 21.73 999.95 10.04 21.41 21.7 33.3 4.9 996.0 33.1 23.82 1.43
1679176757 2023-03-18 21:59:17 1000.24 0.00 21.73 999.95 10.05 21.41 21.8 33.3 4.9 996.0 33.10 23.81 1.43
1679176817 2023-03-18 22:00:17 1000.24 0.00 21.73 999.92 10.05 21.41 21.8 33.3 4.9 996.0 33.10 23.82 1.43
1679176878 2023-03-18 22:01:18 1000.22 0.00 21.73 999.91 10.06 21.41 21.8 33.3 4.9 996.0 33.0 23.81 1.43
1679176938 2023-03-18 22:02:18 1000.23 0.00 21.72 999.91 10.04 21.41 21.8 33.3 4.9 996.0 33.09 23.81 1.43
1679176998 2023-03-18 22:03:18 1000.23 0.00 21.72 999.91 10.05 21.41 21.8 33.3 4.9 996.0 33.09 23.81 1.43
1679177058 2023-03-18 22:04:18 1000.24 0.00 21.72 999.93 10.05 21.41 21.7 33.3 4.9 996.0 33.09 23.81 1.43
1679177119 2023-03-18 22:05:19 1000.24 0.00 21.72 999.91 10.04 21.41 21.7 33.3 4.9 996.0 33.09 23.80 1.43
1679177179 2023-03-18 22:06:19 1000.25 0.00 21.72 999.90 10.05 21.40 21.7 33.3 4.9 996.0 33.0 23.81 1.43
1679177239 2023-03-18 22:07:19 1000.27 0.00 21.72 999.90 10.05 21.40 21.7 33.3 4.9 996.0 33.09 23.80 1.43
1679177299 2023-03-18 22:08:19 1000.26 0.00 21.72 999.93 10.05 21.40 21.7 33.3 4.9 996.0 33.09 23.80 1.43
1679177359 2023-03-18 22:09:19 1000.27 0.00 21.72 999.93 10.06 21.40 21.7 33.3 4.9 996.0 33.09 23.80 1.43
1679177420 2023-03-18 22:10:20 1000.25 0.00 21.72 999.93 10.06 21.40 21.8 33.3 4.9 996.0 33.0 23.80 1.43
1679177480 2023-03-18 22:11:20 1000.26 0.00 21.72 999.95 10.06 21.40 21.7 33.3 4.9 996.0 33.09 23.80 1.43
1679177540 2023-03-18 22:12:20 1000.28 0.00 21.71 999.93 10.06 21.39 21.7 33.3 4.9 996.0 33.10 23.79 1.43
1679177600 2023-03-18 22:13:20 1000.26 0.00 21.71 999.91 10.07 21.39 21.7 33.3 4.9 996.0 33.10 23.79 1.43
1679177660 2023-03-18 22:14:20 1000.26 0.00 21.71 999.93 10.07 21.39 21.7 33.3 4.9 996.1 33.09 23.79 1.43
1679177721 2023-03-18 22:15:21 1000.27 0.00 21.71 999.92 10.08 21.39 21.7 33.3 4.9 996.1 33.09 23.79 1.43
1679177781 2023-03-18 22:16:21 1000.25 0.00 21.71 999.93 10.08 21.39 21.7 33.3 4.9 996.0 33.09 23.79 1.43
1679177841 2023-03-18 22:17:21 1000.27 0.00 21.71 999.97 10.08 21.39 21.7 33.3 4.9 996.0 33.09 23.79 1.43
1679177901 2023-03-18 22:18:21 1000.29 0.00 21.71 999.97 10.08 21.39 21.7 33.3 4.9 996.1 33.09 23.79 1.43
1679177961 2023-03-18 22:19:21 1000.30 0.00 21.71 999.95 10.11 21.39 21.7 33.4 4.9 996.0 33.09 23.78 1.43
1679178022 2023-03-18 22:20:22 1000.29 0.00 21.70 999.95 10.08 21.38 21.7 33.4 4.9 996.0 33.09 23.79 1.43
1679178082 2023-03-18 22:21:22 1000.29 0.00 21.70 999.97 10.08 21.38 21.7 33.4 4.9 996.0 33.09 23.79 1.43
1679178142 2023-03-18 22:22:22 1000.29 0.00 21.70 999.97 10.09 21.38 21.7 33.4 4.9 996.0 33.09 23.79 1.43
1679178202 2023-03-18 22:23:22 1000.29 0.00 21.70 999.97 10.08 21.38 21.7 33.4 4.9 996.0 33.09 23.78 1.43
1679178262 2023-03-18 22:24:22 1000.28 0.00 21.70 999.96 10.09 21.38 21.7 33.4 4.9 996.0 33.09 23.78 1.43
1679178323 2023-03-18 22:25:23 1000.28 0.00 21.70 999.95 10.09 21.38 21.7 33.4 4.9 996.0 33.09 23.78 1.43
1679178383 2023-03-18 22:26:23 1000.26 0.00 21.69 999.96 10.08 21.38 21.7 33.4 4.9 996.0 33.09 23.78 1.43
1679178443 2023-03-18 22:27:23 1000.27 0.00 21.70 999.96 10.09 21.38 21.7 33.4 4.9 996.0 33.09 23.77 1.43
1679178503 2023-03-18 22:28:23 1000.28 0.00 21.70 999.96 10.09 21.37 21.7 33.4 4.9 996.0 33.09 23.78 1.43
1679178563 2023-03-18 22:29:23 1000.29 0.00 21.70 999.98 10.09 21.37 21.7 33.4 4.9 996.1 33.09 23.78 1.43
1679178623 2023-03-18 22:30:23 1000.29 0.00 21.69 999.98 10.09 21.37 21.7 33.5 5.0 996.1 33.09 23.78 1.43
1679178684 2023-03-18 22:31:24 1000.30 0.00 21.69 999.99 10.09 21.37 21.7 33.4 4.9 996.1 33.0 23.78 1.43
1679178744 2023-03-18 22:32:24 1000.31 0.00 21.69 999.98 10.11 21.37 21.7 33.4 4.9 996.1 33.09 23.78 1.43
1679178804 2023-03-18 22:33:24 1000.33 0.00 21.69 999.98 10.07 21.37 21.7 33.5 5.0 996.1 33.09 23.77 1.43
1679178864 2023-03-18 22:34:24 1000.34 0.00 21.69 1000.00 10.11 21.37 21.7 33.4 4.9 996.1 33.0 23.77 1.43
1679178924 2023-03-18 22:35:24 1000.34 0.00 21.69 999.99 10.12 21.37 21.7 33.4 4.9 996.1 33.09 23.77 1.43
1679178985 2023-03-18 22:36:25 1000.34 0.00 21.69 1000.01 10.12 21.37 21.7 33.4 4.9 996.1 33.08 23.77 1.43
1679179045 2023-03-18 22:37:25 1000.35 0.00 21.68 999.99 10.13 21.36 21.7 33.4 4.9 996.1 33.0 23.77 1.43
1679179105 2023-03-18 22:38:25 1000.35 0.00 21.68 1000.03 10.13 21.36 21.7 33.4 4.9 996.1 33.08 23.77 1.43
1679179165 2023-03-18 22:39:25 1000.34 0.00 21.68 1000.03 10.13 21.36 21.7 33.5 5.0 996.1 33.09 23.77 1.43
1679179226 2023-03-18 22:40:26 1000.34 0.00 21.68 1000.01 10.13 21.36 21.7 33.5 5.0 996.1 33.09 23.77 1.43
1679179286 2023-03-18 22:41:26 1000.33 0.00 21.68 999.98 10.13 21.36 21.7 33.4 4.9 996.1 33.09 23.77 1.43
1679179346 2023-03-18 22:42:26 1000.33 0.00 21.68 999.98 10.13 21.36 21.7 33.4 4.9 996.0 33.09 23.77 1.43
1679179406 2023-03-18 22:43:26 1000.31 0.00 21.68 999.98 10.14 21.36 21.7 33.4 4.9 996.1 33.09 23.77 1.43
1679179466 2023-03-18 22:44:26 1000.29 0.00 21.68 999.98 10.14 21.36 21.7 33.5 5.0 996.0 33.09 23.76 1.43
1679179527 2023-03-18 22:45:27 1000.32 0.00 21.68 999.98 10.14 21.36 21.7 33.5 5.0 996.1 33.09 23.76 1.43
1679179587 2023-03-18 22:46:27 1000.29 0.00 21.68 999.97 10.13 21.36 21.7 33.5 5.0 996.0 33.10 23.76 1.43
1679179647 2023-03-18 22:47:27 1000.32 0.00 21.68 999.98 10.14 21.36 21.7 33.5 5.0 996.1 33.10 23.76 1.43
1679179707 2023-03-18 22:48:27 1000.30 0.00 21.67 999.97 10.14 21.35 21.7 33.5 5.0 996.0 33.10 23.76 1.43
1679179767 2023-03-18 22:49:27 1000.27 0.00 21.67 999.95 10.14 21.35 21.7 33.5 5.0 996.0 33.09 23.75 1.43
1679179828 2023-03-18 22:50:28 1000.28 0.00 21.67 999.97 10.15 21.35 21.7 33.5 5.0 996.1 33.09 23.76 1.43
1679179888 2023-03-18 22:51:28 1000.28 0.00 21.67 999.96 10.15 21.35 21.7 33.5 5.0 996.0 33.09 23.75 1.43
1679179948 2023-03-18 22:52:28 1000.29 0.00 21.67 999.98 10.15 21.34 21.7 33.5 5.0 996.1 33.08 23.75 1.43
1679180008 2023-03-18 22:53:28 1000.28 0.00 21.66 999.98 10.15 21.34 21.7 33.6 5.0 996.0 33.0 23.75 1.43
1679180069 2023-03-18 22:54:29 1000.29 0.00 21.66 999.96 10.17 21.34 21.7 33.6 5.0 996.0 33.08 23.75 1.43
1679180129 2023-03-18 22:55:29 1000.29 0.00 21.66 999.96 10.17 21.34 21.7 33.6 5.0 996.0 33.08 23.75 1.43
1679180189 2023-03-18 22:56:29 1000.29 0.00 21.66 999.97 10.17 21.34 21.7 33.6 5.0 996.0 33.08 23.75 1.43
1679180249 2023-03-18 22:57:29 1000.29 0.00 21.66 999.95 10.18 21.34 21.7 33.6 5.0 996.0 33.08 23.75 1.43
1679180309 2023-03-18 22:58:29 1000.26 0.00 21.66 999.97 10.18 21.34 21.7 33.6 5.0 996.0 33.08 23.75 1.43
1679180370 2023-03-18 22:59:30 1000.29 0.00 21.66 999.93 10.18 21.34 21.7 33.6 5.0 996.0 33.08 23.74 1.43
1679180430 2023-03-18 23:00:30 1000.23 0.00 21.66 999.96 10.16 21.34 21.7 33.6 5.0 996.0 33.08 23.74 1.43
1679180490 2023-03-18 23:01:30 1000.25 0.00 21.66 999.93 10.16 21.34 21.7 33.6 5.0 996.0 33.08 23.75 1.43
1679180551 2023-03-18 23:02:31 1000.25 0.00 21.65 999.96 10.18 21.34 21.7 33.6 5.0 996.0 33.07 23.74 1.43
1679180611 2023-03-18 23:03:31 1000.27 0.00 21.65 999.97 10.18 21.33 21.7 33.6 5.0 996.1 33.08 23.74 1.43
1679180671 2023-03-18 23:04:31 1000.28 0.00 21.65 999.96 10.19 21.33 21.7 33.6 5.0 996.0 33.08 23.74 1.43
1679180732 2023-03-18 23:05:32 1000.30 0.00 21.65 999.98 10.18 21.33 21.7 33.6 5.0 996.0 33.08 23.74 1.43
1679180792 2023-03-18 23:06:32 1000.29 0.00 21.65 999.95 10.18 21.33 21.7 33.6 5.0 996.0 33.08 23.73 1.43
1679180852 2023-03-18 23:07:32 1000.27 0.00 21.65 999.98 10.18 21.33 21.7 33.6 5.0 996.0 33.07 23.74 1.43
1679180912 2023-03-18 23:08:32 1000.29 0.00 21.65 999.96 10.18 21.33 21.7 33.7 5.0 996.0 33.08 23.73 1.43
1679180972 2023-03-18 23:09:32 1000.29 0.00 21.65 999.96 10.19 21.33 21.7 33.7 5.0 996.0 33.0 23.73 1.43
1679181033 2023-03-18 23:10:33 1000.28 0.00 21.65 999.95 10.18 21.33 21.7 33.7 5.0 996.0 33.08 23.73 1.43
1679181093 2023-03-18 23:11:33 1000.29 0.00 21.64 999.96 10.19 21.33 21.7 33.7 5.0 996.1 33.08 23.73 1.43
1679181153 2023-03-18 23:12:33 1000.31 0.00 21.64 999.97 10.19 21.32 21.7 33.7 5.0 996.1 33.08 23.73 1.43
1679181214 2023-03-18 23:13:34 1000.32 0.00 21.64 999.98 10.19 21.32 21.7 33.7 5.0 996.1 33.07 23.72 1.43
1679181274 2023-03-18 23:14:34 1000.32 0.00 21.64 999.99 10.20 21.32 21.7 33.7 5.0 996.1 33.07 23.72 1.43
1679181334 2023-03-18 23:15:34 1000.34 0.00 21.64 1000.01 10.20 21.32 21.7 33.7 5.0 996.1 33.07 23.72 1.43
1679181394 2023-03-18 23:16:34 1000.36 0.00 21.64 1000.01 10.20 21.32 21.7 33.7 5.0 996.1 33.07 23.72 1.43
1679181455 2023-03-18 23:17:35 1000.33 0.00 21.64 1000.03 10.20 21.32 21.7 33.7 5.0 996.1 33.07 23.72 1.43
1679181515 2023-03-18 23:18:35 1000.35 0.00 21.64 1000.01 10.20 21.32 21.7 33.7 5.0 996.1 33.0 23.72 1.43
1679181575 2023-03-18 23:19:35 1000.32 0.00 21.63 999.99 10.20 21.31 21.7 33.7 5.0 996.1 33.07 23.71 1.43
1679181635 2023-03-18 23:20:35 1000.33 0.00 21.64 999.99 10.20 21.31 21.7 33.7 5.0 996.1 33.07 23.71 1.43
1679181695 2023-03-18 23:21:35 1000.34 0.00 21.63 999.99 10.21 21.31 21.7 33.7 5.0 996.1 33.07 23.72 1.43
1679181756 2023-03-18 23:22:36 1000.32 0.00 21.63 999.98 10.20 21.31 21.7 33.7 5.0 996.1 33.07 23.72 1.43
1679181816 2023-03-18 23:23:36 1000.32 0.00 21.63 999.98 10.21 21.31 21.7 33.7 5.0 996.1 33.0 23.71 1.43
1679181876 2023-03-18 23:24:36 1000.30 0.00 21.63 999.98 10.21 21.31 21.7 33.8 5.1 996.1 33.07 23.71 1.43
1679181936 2023-03-18 23:25:36 1000.31 0.00 21.63 999.98 10.20 21.31 21.7 33.8 5.1 996.1 33.08 23.71 1.43
1679181997 2023-03-18 23:26:37 1000.31 0.00 21.63 999.98 10.20 21.31 21.7 33.8 5.1 996.1 33.08 23.71 1.43
1679182057 2023-03-18 23:27:37 1000.30 0.00 21.63 999.98 10.21 21.31 21.7 33.8 5.1 996.1 33.07 23.71 1.43
1679182117 2023-03-18 23:28:37 1000.32 0.00 21.63 999.99 10.22 21.31 21.7 33.8 5.1 996.1 33.07 23.71 1.43
1679182177 2023-03-18 23:29:37 1000.33 0.00 21.62 1000.00 10.22 21.30 21.7 33.8 5.1 996.1 33.07 23.70 1.43
1679182237 2023-03-18 23:30:37 1000.34 0.00 21.62 999.99 10.23 21.30 21.7 33.7 5.0 996.1 33.0 23.70 1.43
1679182298 2023-03-18 23:31:38 1000.31 0.00 21.62 1000.00 10.23 21.30 21.7 33.7 5.0 996.1 33.0 23.70 1.43
1679182358 2023-03-18 23:32:38 1000.31 0.00 21.62 1000.00 10.23 21.30 21.7 33.8 5.1 996.1 33.07 23.69 1.43
1679182418 2023-03-18 23:33:38 1000.32 0.00 21.62 1000.04 10.23 21.30 21.7 33.8 5.1 996.1 33.07 23.69 1.43
1679182478 2023-03-18 23:34:38 1000.33 0.00 21.62 1000.03 10.23 21.30 21.7 33.8 5.1 996.1 33.07 23.69 1.43
1679182538 2023-03-18 23:35:38 1000.34 0.00 21.62 1000.03 10.23 21.30 21.6 33.8 5.0 996.1 33.0 23.69 1.43
1679182599 2023-03-18 23:36:39 1000.33 0.00 21.61 999.99 10.25 21.29 21.6 33.8 5.0 996.1 33.07 23.69 1.43
1679182659 2023-03-18 23:37:39 1000.33 0.00 21.61 999.98 10.25 21.29 21.6 33.8 5.0 996.1 33.0 23.68 1.43
1679182719 2023-03-18 23:38:39 1000.34 0.00 21.61 999.99 10.25 21.29 21.6 33.8 5.0 996.1 33.07 23.68 1.43
1679182779 2023-03-18 23:39:39 1000.33 0.00 21.61 1000.00 10.25 21.29 21.6 33.8 5.1 996.1 33.06 23.68 1.43
1679182839 2023-03-18 23:40:39 1000.32 0.00 21.61 1000.00 10.26 21.29 21.6 33.8 5.1 996.1 33.06 23.68 1.43
1679182900 2023-03-18 23:41:40 1000.33 0.00 21.61 999.98 10.26 21.28 21.6 33.8 5.1 996.1 33.06 23.68 1.43
1679182960 2023-03-18 23:42:40 1000.33 0.00 21.60 999.99 10.26 21.28 21.6 33.9 5.0 996.1 33.07 23.68 1.43
1679183020 2023-03-18 23:43:40 1000.28 0.00 21.60 999.97 10.27 21.28 21.6 33.8 5.1 996.0 33.07 23.67 1.43
1679183080 2023-03-18 23:44:40 1000.27 0.00 21.60 999.91 10.26 21.28 21.6 33.9 5.1 996.0 33.07 23.68 1.43
1679183140 2023-03-18 23:45:40 1000.27 0.00 21.60 999.95 10.27 21.27 21.6 33.8 5.0 996.0 33.07 23.67 1.43
1679183201 2023-03-18 23:46:41 1000.28 0.00 21.60 999.92 10.26 21.27 21.6 33.9 5.1 996.0 33.07 23.67 1.43
1679183261 2023-03-18 23:47:41 1000.26 0.00 21.60 999.92 10.26 21.27 21.6 33.9 5.0 996.0 33.07 23.66 1.43
1679183321 2023-03-18 23:48:41 1000.25 0.00 21.59 999.92 10.26 21.27 21.6 33.9 5.0 996.0 33.06 23.66 1.43
1679183381 2023-03-18 23:49:41 1000.25 0.00 21.59 999.92 10.27 21.26 21.6 33.8 5.0 996.0 33.0 23.66 1.43
1679183441 2023-03-18 23:50:41 1000.24 0.00 21.59 999.91 10.27 21.26 21.6 33.9 5.1 996.0 33.06 23.66 1.43
1679183502 2023-03-18 23:51:42 1000.25 0.00 21.59 999.91 10.27 21.26 21.6 33.9 5.1 996.0 33.07 23.66 1.43
1679183562 2023-03-18 23:52:42 1000.23 0.00 21.59 999.90 10.28 21.26 21.6 33.9 5.1 996.0 33.07 23.65 1.43
1679183622 2023-03-18 23:53:42 1000.19 0.00 21.58 999.88 10.28 21.26 21.6 33.9 5.0 996.0 33.06 23.65 1.43
1679183682 2023-03-18 23:54:42 1000.18 0.00 21.58 999.87 10.27 21.26 21.6 33.9 5.1 995.9 33.07 23.65 1.43
1679183742 2023-03-18 23:55:42 1000.17 0.00 21.58 999.83 10.28 21.25 21.6 33.9 5.1 995.9 33.07 23.65 1.43
1679183803 2023-03-18 23:56:43 1000.18 0.00 21.58 999.83 10.28 21.25 21.6 33.9 5.1 995.9 33.08 23.65 1.43
1679183865 2023-03-18 23:57:45 1000.17 0.00 21.57 999.82 10.29 21.25 21.6 34.0 5.1 995.9 33.0 23.64 1.43
1679183925 2023-03-18 23:58:45 1000.18 0.00 21.57 999.82 10.29 21.25 21.6 33.9 5.1 995.9 33.07 23.64 1.43
1679183985 2023-03-18 23:59:45 1000.16 0.00 21.57 999.82 10.29 21.24 21.6 34.0 5.1 995.9 33.07 23.64 1.43
1679184045 2023-03-19 00:00:45 1000.16 0.00 21.57 999.82 10.30 21.25 21.6 34.0 5.1 995.9 33.07 23.64 1.43
1679184106 2023-03-19 00:01:46 1000.15 0.00 21.56 999.81 10.30 21.25 21.6 34.0 5.1 995.9 33.06 23.64 1.43
1679184166 2023-03-19 00:02:46 1000.15 0.00 21.56 999.84 10.31 21.24 21.6 34.0 5.1 995.9 33.05 23.64 1.43
1679184227 2023-03-19 00:03:47 1000.16 0.00 21.56 999.85 10.31 21.24 21.6 34.0 5.1 995.9 33.05 23.63 1.43
1679184287 2023-03-19 00:04:47 1000.16 0.00 21.56 999.84 10.31 21.24 21.6 34.0 5.1 995.9 33.05 23.64 1.43
1679184347 2023-03-19 00:05:47 1000.16 0.00 21.56 999.84 10.31 21.23 21.6 34.0 5.1 995.9 33.05 23.63 1.43
1679184407 2023-03-19 00:06:47 1000.18 0.00 21.55 999.85 10.31 21.23 21.6 34.0 5.1 995.9 33.05 23.63 1.43
1679184467 2023-03-19 00:07:47 1000.19 0.00 21.55 999.84 10.33 21.23 21.6 34.0 5.1 995.9 33.05 23.63 1.43
1679184527 2023-03-19 00:08:47 1000.17 0.00 21.55 999.83 10.33 21.23 21.6 34.0 5.1 995.9 33.06 23.63 1.43
1679184588 2023-03-19 00:09:48 1000.16 0.00 21.55 999.84 10.33 21.23 21.6 34.0 5.1 995.9 33.06 23.62 1.43
1679184648 2023-03-19 00:10:48 1000.17 0.00 21.54 999.84 10.33 21.23 21.6 34.0 5.1 995.9 33.0 23.62 1.43
1679184708 2023-03-19 00:11:48 1000.17 0.00 21.54 999.84 10.34 21.22 21.6 34.0 5.1 995.9 33.06 23.62 1.43
1679184768 2023-03-19 00:12:48 1000.13 0.00 21.54 999.84 10.34 21.22 21.6 34.0 5.1 995.9 33.05 23.62 1.43
1679184828 2023-03-19 00:13:48 1000.13 0.00 21.54 999.84 10.34 21.22 21.6 34.0 5.1 995.9 33.06 23.62 1.43
1679184888 2023-03-19 00:14:48 1000.13 0.00 21.54 999.82 10.35 21.22 21.6 34.0 5.1 995.8 33.06 23.62 1.43
1679184949 2023-03-19 00:15:49 1000.12 0.00 21.54 999.77 10.35 21.21 21.6 34.0 5.1 995.8 33.06 23.62 1.43
1679185009 2023-03-19 00:16:49 1000.11 0.00 21.53 999.78 10.35 21.21 21.6 34.0 5.1 995.8 33.0 23.61 1.43
1679185069 2023-03-19 00:17:49 1000.09 0.00 21.53 999.78 10.34 21.21 21.6 34.0 5.1 995.9 33.06 23.61 1.43
1679185129 2023-03-19 00:18:49 1000.08 0.00 21.53 999.77 10.34 21.21 21.6 34.0 5.1 995.8 33.06 23.61 1.43
1679185189 2023-03-19 00:19:49 1000.11 0.00 21.53 999.77 10.35 21.21 21.6 34.0 5.1 995.8 33.06 23.61 1.43
1679185250 2023-03-19 00:20:50 1000.07 0.00 21.53 999.78 10.35 21.21 21.6 34.0 5.1 995.8 33.06 23.61 1.43
1679185310 2023-03-19 00:21:50 1000.08 0.00 21.53 999.77 10.34 21.21 21.6 34.0 5.1 995.8 33.06 23.61 1.43
1679185370 2023-03-19 00:22:50 1000.08 0.00 21.53 999.73 10.36 21.21 21.6 34.0 5.1 995.8 33.06 23.61 1.43
1679185431 2023-03-19 00:23:51 1000.06 0.00 21.52 999.72 10.36 21.21 21.5 34.1 5.1 995.8 33.0 23.61 1.43
1679185491 2023-03-19 00:24:51 1000.05 0.00 21.52 999.74 10.35 21.21 21.5 34.1 5.1 995.8 33.06 23.61 1.43
1679185551 2023-03-19 00:25:51 1000.00 0.00 21.52 999.71 10.35 21.21 21.5 34.1 5.1 995.8 33.06 23.60 1.43
1679185611 2023-03-19 00:26:51 999.99 0.00 21.52 999.72 10.35 21.20 21.5 34.1 5.1 995.8 33.05 23.60 1.43
1679185672 2023-03-19 00:27:52 1000.01 0.00 21.52 999.71 10.36 21.20 21.5 34.1 5.1 995.8 33.05 23.60 1.43
1679185732 2023-03-19 00:28:52 1000.03 0.00 21.52 999.64 10.36 21.20 21.5 34.1 5.1 995.8 33.06 23.59 1.43
1679185792 2023-03-19 00:29:52 1000.04 0.00 21.52 999.64 10.36 21.19 21.5 34.1 5.1 995.8 33.06 23.59 1.43
1679185852 2023-03-19 00:30:52 1000.01 0.00 21.51 999.64 10.36 21.20 21.5 34.1 5.1 995.7 33.06 23.59 1.43
1679185912 2023-03-19 00:31:52 999.99 0.00 21.52 999.63 10.36 21.20 21.5 34.1 5.1 995.7 33.06 23.59 1.43
1679185973 2023-03-19 00:32:53 999.99 0.00 21.51 999.62 10.37 21.19 21.5 34.1 5.1 995.7 33.05 23.59 1.43
1679186033 2023-03-19 00:33:53 999.99 0.00 21.51 999.63 10.37 21.19 21.5 34.1 5.1 995.7 33.0 23.58 1.43
1679186093 2023-03-19 00:34:53 999.98 0.00 21.51 999.61 10.38 21.19 21.5 34.1 5.1 995.7 33.0 23.58 1.43
1679186153 2023-03-19 00:35:53 999.98 0.00 21.51 999.61 10.37 21.19 21.5 34.1 5.1 995.7 33.06 23.58 1.43
1679186214 2023-03-19 00:36:54 999.96 0.00 21.51 999.60 10.37 21.19 21.5 34.1 5.1 995.7 33.06 23.58 1.43
1679186274 2023-03-19 00:37:54 999.95 0.00 21.51 999.59 10.37 21.19 21.5 34.1 5.1 995.7 33.06 23.57 1.43
1679186334 2023-03-19 00:38:54 999.95 0.00 21.51 999.59 10.37 21.19 21.5 34.1 5.1 995.7 33.06 23.57 1.43
1679186394 2023-03-19 00:39:54 999.86 0.00 21.50 999.59 10.38 21.18 21.5 34.1 5.1 995.6 33.06 23.57 1.43
1679186454 2023-03-19 00:40:54 999.88 0.00 21.50 999.58 10.38 21.18 21.5 34.1 5.1 995.6 33.06 23.57 1.43
1679186514 2023-03-19 00:41:54 999.86 0.00 21.50 999.56 10.38 21.18 21.5 34.1 5.1 995.7 33.06 23.56 1.43
1679186575 2023-03-19 00:42:55 999.87 0.00 21.50 999.56 10.38 21.18 21.5 34.1 5.1 995.6 33.06 23.56 1.43
1679186635 2023-03-19 00:43:55 999.84 0.00 21.50 999.54 10.39 21.18 21.5 34.1 5.1 995.6 33.06 23.56 1.43
1679186695 2023-03-19 00:44:55 999.83 0.00 21.50 999.51 10.38 21.18 21.5 34.1 5.1 995.6 33.05 23.56 1.43
1679186755 2023-03-19 00:45:55 999.81 0.00 21.50 999.51 10.39 21.17 21.5 34.1 5.1 995.6 33.06 23.55 1.43
1679186816 2023-03-19 00:46:56 999.84 0.00 21.49 999.49 10.39 21.17 21.5 34.1 5.1 995.6 33.06 23.55 1.43
1679186876 2023-03-19 00:47:56 999.82 0.00 21.49 999.47 10.39 21.17 21.5 34.1 5.1 995.6 33.06 23.55 1.43
1679186936 2023-03-19 00:48:56 999.81 0.00 21.49 999.47 10.39 21.17 21.5 34.1 5.1 995.6 33.06 23.55 1.43
1679186997 2023-03-19 00:49:57 999.82 0.00 21.49 999.49 10.41 21.17 21.5 34.1 5.1 995.6 33.06 23.55 1.43
1679187057 2023-03-19 00:50:57 999.79 0.00 21.48 999.49 10.41 21.17 21.5 34.1 5.1 995.6 33.05 23.55 1.43
1679187117 2023-03-19 00:51:57 999.75 0.00 21.48 999.49 10.41 21.16 21.5 34.1 5.1 995.6 33.0 23.55 1.43
1679187177 2023-03-19 00:52:57 999.75 0.00 21.48 999.45 10.41 21.16 21.5 34.2 5.1 995.5 33.05 23.54 1.43
1679187237 2023-03-19 00:53:57 999.75 0.00 21.48 999.41 10.41 21.16 21.5 34.1 5.1 995.5 33.05 23.54 1.43
1679187298 2023-03-19 00:54:58 999.73 0.00 21.48 999.39 10.41 21.16 21.5 34.2 5.1 995.5 33.05 23.54 1.43
1679187358 2023-03-19 00:55:58 999.74 0.00 21.47 999.38 10.42 21.15 21.5 34.2 5.1 995.5 33.05 23.53 1.43
1679187418 2023-03-19 00:56:58 999.73 0.00 21.47 999.40 10.40 21.15 21.5 34.3 5.1 995.5 33.05 23.53 1.43
1679187479 2023-03-19 00:57:59 999.72 0.00 21.47 999.38 10.42 21.15 21.5 34.2 5.1 995.5 33.05 23.53 1.43
1679187539 2023-03-19 00:58:59 999.69 0.00 21.47 999.39 10.43 21.14 21.5 34.3 5.1 995.5 33.05 23.52 1.43
1679187599 2023-03-19 00:59:59 999.70 0.00 21.46 999.38 10.43 21.14 21.5 34.3 5.1 995.4 33.05 23.52 1.43
1679187659 2023-03-19 01:00:59 999.70 0.00 21.46 999.40 10.44 21.14 21.5 34.3 5.1 995.5 33.05 23.52 1.43
1679187720 2023-03-19 01:02:00 999.69 0.00 21.46 999.37 10.46 21.13 21.5 34.3 5.1 995.5 33.05 23.52 1.43
1679187780 2023-03-19 01:03:00 999.71 0.00 21.46 999.37 10.45 21.13 21.5 34.3 5.1 995.5 33.05 23.51 1.43
1679187840 2023-03-19 01:04:00 999.70 0.00 21.45 999.36 10.46 21.13 21.5 34.3 5.1 995.4 33.05 23.51 1.43
1679187900 2023-03-19 01:05:00 999.68 0.00 21.45 999.33 10.45 21.13 21.5 34.3 5.1 995.4 33.05 23.51 1.43
1679187961 2023-03-19 01:06:01 999.65 0.00 21.45 999.30 10.45 21.13 21.5 34.3 5.1 995.4 33.05 23.50 1.43
1679188021 2023-03-19 01:07:01 999.63 0.00 21.45 999.30 10.45 21.13 21.5 34.3 5.1 995.4 33.05 23.50 1.43
1679188081 2023-03-19 01:08:01 999.62 0.00 21.44 999.28 10.45 21.13 21.5 34.4 5.1 995.3 33.0 23.50 1.43
1679188141 2023-03-19 01:09:01 999.60 0.00 21.44 999.24 10.46 21.12 21.4 34.3 5.1 995.3 33.05 23.50 1.43
1679188202 2023-03-19 01:10:02 999.57 0.00 21.44 999.22 10.46 21.12 21.4 34.4 5.1 995.3 33.04 23.49 1.43
1679188262 2023-03-19 01:11:02 999.57 0.00 21.43 999.21 10.46 21.12 21.4 34.4 5.1 995.3 33.05 23.50 1.43
1679188322 2023-03-19 01:12:02 999.57 0.00 21.43 999.21 10.46 21.12 21.4 34.4 5.1 995.3 33.05 23.49 1.43
1679188382 2023-03-19 01:13:02 999.59 0.00 21.43 999.23 10.45 21.12 21.4 34.4 5.1 995.3 33.05 23.49 1.43
1679188443 2023-03-19 01:14:03 999.60 0.00 21.43 999.23 10.46 21.11 21.5 34.4 5.1 995.3 33.04 23.49 1.43
1679188503 2023-03-19 01:15:03 999.59 0.00 21.43 999.24 10.47 21.11 21.4 34.4 5.1 995.4 33.03 23.49 1.43
1679188563 2023-03-19 01:16:03 999.61 0.00 21.43 999.24 10.47 21.11 21.4 34.4 5.1 995.4 33.03 23.49 1.43
1679188623 2023-03-19 01:17:03 999.63 0.00 21.43 999.25 10.49 21.11 21.5 34.4 5.1 995.4 33.03 23.49 1.43
1679188683 2023-03-19 01:18:03 999.60 0.00 21.42 999.27 10.50 21.11 21.5 34.4 5.1 995.4 33.0 23.49 1.43
1679188744 2023-03-19 01:19:04 999.61 0.00 21.42 999.26 10.50 21.11 21.5 34.4 5.1 995.4 33.04 23.48 1.43
1679188804 2023-03-19 01:20:04 999.62 0.00 21.42 999.28 10.50 21.10 21.5 34.4 5.1 995.4 33.04 23.48 1.42
1679188864 2023-03-19 01:21:04 999.62 0.00 21.42 999.27 10.50 21.10 21.5 34.4 5.1 995.4 33.04 23.47 1.43
1679188924 2023-03-19 01:22:04 999.62 0.00 21.42 999.24 10.50 21.10 21.5 34.4 5.1 995.3 33.04 23.48 1.43
1679188985 2023-03-19 01:23:05 999.63 0.00 21.41 999.24 10.50 21.10 21.4 34.4 5.1 995.4 33.0 23.48 1.43
1679189045 2023-03-19 01:24:05 999.62 0.00 21.41 999.25 10.50 21.10 21.4 34.5 5.2 995.4 33.03 23.48 1.43
1679189105 2023-03-19 01:25:05 999.63 0.00 21.41 999.26 10.50 21.09 21.4 34.4 5.1 995.3 33.04 23.47 1.43
1679189165 2023-03-19 01:26:05 999.61 0.00 21.41 999.26 10.50 21.09 21.4 34.5 5.2 995.3 33.04 23.47 1.43
1679189225 2023-03-19 01:27:05 999.58 0.00 21.41 999.24 10.52 21.09 21.4 34.5 5.2 995.3 33.03 23.47 1.43
1679189286 2023-03-19 01:28:06 999.59 0.00 21.41 999.21 10.51 21.09 21.4 34.5 5.2 995.3 33.03 23.47 1.43
1679189346 2023-03-19 01:29:06 999.55 0.00 21.40 999.21 10.51 21.09 21.4 34.5 5.2 995.3 33.04 23.47 1.43
1679189407 2023-03-19 01:30:07 999.53 0.00 21.40 999.20 10.51 21.09 21.4 34.5 5.2 995.2 33.04 23.46 1.43
1679189467 2023-03-19 01:31:07 999.52 0.00 21.40 999.16 10.51 21.08 21.4 34.5 5.2 995.2 33.04 23.46 1.43
1679189527 2023-03-19 01:32:07 999.50 0.00 21.40 999.11 10.51 21.08 21.4 34.6 5.2 995.2 33.04 23.46 1.42
1679189588 2023-03-19 01:33:08 999.48 0.00 21.40 999.11 10.51 21.08 21.4 34.6 5.2 995.2 33.04 23.45 1.43
1679189648 2023-03-19 01:34:08 999.46 0.00 21.40 999.09 10.50 21.07 21.4 34.6 5.2 995.2 33.03 23.45 1.43
1679189708 2023-03-19 01:35:08 999.45 0.00 21.39 999.09 10.52 21.07 21.4 34.6 5.2 995.2 33.0 23.44 1.43
1679189769 2023-03-19 01:36:09 999.43 0.00 21.39 999.06 10.52 21.07 21.4 34.6 5.2 995.1 33.03 23.44 1.43
1679189829 2023-03-19 01:37:09 999.39 0.00 21.39 999.04 10.52 21.07 21.4 34.6 5.2 995.1 33.03 23.44 1.43
1679189890 2023-03-19 01:38:10 999.39 0.00 21.39 999.03 10.53 21.07 21.4 34.5 5.2 995.1 33.03 23.44 1.43
1679189950 2023-03-19 01:39:10 999.38 0.00 21.38 999.00 10.53 21.06 21.4 34.6 5.2 995.1 33.02 23.44 1.43
1679190010 2023-03-19 01:40:10 999.39 0.00 21.38 999.01 10.53 21.07 21.4 34.6 5.2 995.1 33.0 23.44 1.43
1679190070 2023-03-19 01:41:10 999.36 0.00 21.38 998.99 10.53 21.06 21.4 34.6 5.2 995.1 33.02 23.43 1.42
1679190131 2023-03-19 01:42:11 999.35 0.00 21.38 998.97 10.53 21.06 21.4 34.7 5.2 995.1 33.02 23.43 1.42
1679190191 2023-03-19 01:43:11 999.35 0.00 21.38 998.95 10.54 21.06 21.4 34.7 5.2 995.1 33.03 23.43 1.43
1679190252 2023-03-19 01:44:12 999.35 0.00 21.37 998.93 10.55 21.05 21.4 34.6 5.2 995.1 33.02 23.42 1.43
1679190312 2023-03-19 01:45:12 999.31 0.00 21.37 998.94 10.55 21.05 21.4 34.6 5.2 995.0 33.03 23.42 1.43
1679190372 2023-03-19 01:46:12 999.29 0.00 21.37 998.93 10.58 21.05 21.4 34.6 5.2 995.0 33.02 23.42 1.43
1679190432 2023-03-19 01:47:12 999.29 0.00 21.37 998.94 10.54 21.05 21.4 34.6 5.2 995.0 33.02 23.41 1.43
1679190493 2023-03-19 01:48:13 999.29 0.00 21.37 998.92 10.57 21.04 21.4 34.6 5.2 995.0 33.0 23.42 1.43
1679190553 2023-03-19 01:49:13 999.31 0.00 21.36 998.97 10.57 21.04 21.4 34.6 5.2 995.0 33.0 23.41 1.43
1679190613 2023-03-19 01:50:13 999.32 0.00 21.36 998.94 10.58 21.04 21.4 34.6 5.2 995.0 33.01 23.41 1.43
1679190673 2023-03-19 01:51:13 999.33 0.00 21.36 998.96 10.58 21.04 21.4 34.6 5.2 995.1 33.02 23.41 1.43
1679190733 2023-03-19 01:52:13 999.33 0.00 21.36 998.98 10.58 21.04 21.4 34.6 5.2 995.1 33.02 23.41 1.43
1679190794 2023-03-19 01:53:14 999.35 0.00 21.36 998.98 10.58 21.03 21.4 34.6 5.2 995.1 33.02 23.41 1.43
1679190854 2023-03-19 01:54:14 999.36 0.00 21.36 999.00 10.59 21.03 21.4 34.6 5.2 995.1 33.02 23.40 1.43
1679190914 2023-03-19 01:55:14 999.38 0.00 21.35 999.02 10.59 21.03 21.4 34.6 5.2 995.1 33.02 23.40 1.43
1679190974 2023-03-19 01:56:14 999.36 0.00 21.35 999.04 10.60 21.03 21.4 34.6 5.2 995.1 33.02 23.40 1.43
1679191035 2023-03-19 01:57:15 999.35 0.00 21.35 999.02 10.59 21.03 21.4 34.6 5.2 995.1 33.02 23.40 1.43
1679191095 2023-03-19 01:58:15 999.38 0.00 21.35 999.05 10.60 21.02 21.4 34.6 5.2 995.1 33.02 23.40 1.43
1679191155 2023-03-19 01:59:15 999.38 0.00 21.35 999.06 10.60 21.02 21.4 34.6 5.2 995.1 33.02 23.39 1.43
1679191215 2023-03-19 02:00:15 999.38 0.00 21.34 999.02 10.60 21.02 21.4 34.5 5.1 995.1 33.02 23.39 1.43
1679191275 2023-03-19 02:01:15 999.37 0.00 21.34 999.02 10.60 21.02 21.4 34.6 5.1 995.1 33.02 23.39 1.43
1679191335 2023-03-19 02:02:15 999.38 0.00 21.34 999.01 10.60 21.02 21.4 34.6 5.2 995.1 33.02 23.39 1.43
1679191396 2023-03-19 02:03:16 999.37 0.00 21.34 999.00 10.61 21.02 21.4 34.6 5.2 995.1 33.02 23.38 1.43
1679191456 2023-03-19 02:04:16 999.38 0.00 21.34 998.98 10.61 21.01 21.4 34.6 5.1 995.1 33.02 23.38 1.43
1679191516 2023-03-19 02:05:16 999.37 0.00 21.34 998.97 10.61 21.01 21.4 34.6 5.1 995.1 33.02 23.38 1.42
1679191576 2023-03-19 02:06:16 999.33 0.00 21.33 999.00 10.62 21.01 21.4 34.6 5.1 995.1 33.02 23.38 1.43
1679191636 2023-03-19 02:07:16 999.34 0.00 21.33 999.02 10.61 21.01 21.4 34.6 5.1 995.1 33.02 23.38 1.43
1679191696 2023-03-19 02:08:16 999.36 0.00 21.33 999.05 10.61 21.01 21.4 34.6 5.1 995.1 33.02 23.37 1.43
1679191757 2023-03-19 02:09:17 999.35 0.00 21.33 999.03 10.62 21.01 21.4 34.6 5.1 995.1 33.02 23.37 1.43
1679191817 2023-03-19 02:10:17 999.36 0.00 21.33 999.03 10.62 21.01 21.4 34.6 5.1 995.1 33.03 23.37 1.43
1679191877 2023-03-19 02:11:17 999.37 0.00 21.33 999.00 10.62 21.00 21.4 34.6 5.1 995.1 33.03 23.37 1.43
1679191937 2023-03-19 02:12:17 999.34 0.00 21.32 998.99 10.62 21.00 21.4 34.5 5.1 995.0 33.0 23.37 1.43
1679191997 2023-03-19 02:13:17 999.33 0.00 21.32 998.96 10.62 21.00 21.4 34.6 5.1 995.0 33.02 23.37 1.43
1679192058 2023-03-19 02:14:18 999.32 0.00 21.32 998.92 10.62 21.00 21.4 34.5 5.1 995.0 33.02 23.37 1.43
1679192118 2023-03-19 02:15:18 999.30 0.00 21.32 998.96 10.62 20.99 21.4 34.5 5.1 995.0 33.02 23.37 1.43
1679192178 2023-03-19 02:16:18 999.31 0.00 21.32 998.92 10.63 21.00 21.4 34.5 5.1 995.0 33.0 23.36 1.43
1679192238 2023-03-19 02:17:18 999.30 0.00 21.32 998.92 10.63 20.99 21.4 34.5 5.1 995.0 33.02 23.36 1.43
1679192298 2023-03-19 02:18:18 999.32 0.00 21.31 998.93 10.65 20.99 21.4 34.5 5.1 995.0 33.02 23.36 1.43
1679192359 2023-03-19 02:19:19 999.31 0.00 21.31 998.92 10.65 20.99 21.4 34.5 5.1 995.0 33.02 23.36 1.43
1679192419 2023-03-19 02:20:19 999.27 0.00 21.31 998.91 10.65 20.99 21.4 34.5 5.1 995.0 33.02 23.36 1.42
1679192479 2023-03-19 02:21:19 999.32 0.00 21.31 998.92 10.65 20.99 21.4 34.5 5.1 995.0 33.02 23.36 1.43
1679192539 2023-03-19 02:22:19 999.28 0.00 21.31 998.95 10.65 20.99 21.4 34.5 5.1 995.0 33.02 23.36 1.43
1679192600 2023-03-19 02:23:20 999.29 0.00 21.31 998.94 10.66 20.98 21.4 34.5 5.1 995.0 33.02 23.35 1.43
1679192660 2023-03-19 02:24:20 999.31 0.00 21.31 998.94 10.66 20.98 21.4 34.5 5.1 995.0 33.0 23.35 1.43
1679192720 2023-03-19 02:25:20 999.32 0.00 21.30 998.95 10.66 20.98 21.4 34.5 5.1 995.1 33.02 23.35 1.43
1679192780 2023-03-19 02:26:20 999.33 0.00 21.30 998.95 10.66 20.98 21.3 34.6 5.1 995.0 33.03 23.35 1.43
1679192840 2023-03-19 02:27:20 999.35 0.00 21.30 998.97 10.66 20.98 21.3 34.5 5.1 995.1 33.02 23.35 1.43
1679192901 2023-03-19 02:28:21 999.35 0.00 21.30 998.97 10.67 20.98 21.3 34.5 5.1 995.1 33.0 23.34 1.43
1679192961 2023-03-19 02:29:21 999.35 0.00 21.30 998.98 10.67 20.97 21.3 34.6 5.1 995.0 33.02 23.34 1.43
1679193021 2023-03-19 02:30:21 999.37 0.00 21.30 999.00 10.67 20.97 21.3 34.5 5.1 995.1 33.0 23.34 1.43
1679193081 2023-03-19 02:31:21 999.39 0.00 21.30 999.02 10.68 20.98 21.3 34.5 5.1 995.1 33.02 23.34 1.43
1679193141 2023-03-19 02:32:21 999.42 0.00 21.29 999.05 10.68 20.97 21.3 34.5 5.1 995.1 33.0 23.34 1.43
1679193202 2023-03-19 02:33:22 999.45 0.00 21.29 999.07 10.68 20.97 21.3 34.5 5.1 995.1 33.01 23.33 1.43
1679193262 2023-03-19 02:34:22 999.43 0.00 21.29 999.07 10.69 20.97 21.3 34.5 5.1 995.1 33.02 23.34 1.43
1679193322 2023-03-19 02:35:22 999.42 0.00 21.29 999.08 10.69 20.97 21.3 34.5 5.1 995.2 33.0 23.33 1.43
1679193382 2023-03-19 02:36:22 999.44 0.00 21.29 999.09 10.69 20.97 21.3 34.6 5.1 995.1 33.01 23.33 1.43
1679193442 2023-03-19 02:37:22 999.45 0.00 21.29 999.10 10.68 20.97 21.3 34.6 5.1 995.2 33.02 23.33 1.43
1679193503 2023-03-19 02:38:23 999.44 0.00 21.29 999.07 10.69 20.96 21.3 34.5 5.1 995.2 33.01 23.33 1.43
1679193563 2023-03-19 02:39:23 999.44 0.00 21.29 999.08 10.69 20.97 21.3 34.6 5.1 995.1 33.0 23.33 1.43
1679193623 2023-03-19 02:40:23 999.42 0.00 21.28 999.06 10.69 20.96 21.3 34.5 5.1 995.1 33.01 23.32 1.43
1679193683 2023-03-19 02:41:23 999.41 0.00 21.28 999.05 10.70 20.96 21.3 34.6 5.1 995.1 33.01 23.32 1.43
1679193743 2023-03-19 02:42:23 999.42 0.00 21.28 999.05 10.69 20.96 21.3 34.6 5.1 995.1 33.01 23.33 1.43
1679193804 2023-03-19 02:43:24 999.43 0.00 21.28 999.05 10.69 20.96 21.3 34.5 5.1 995.1 33.02 23.32 1.43
1679193864 2023-03-19 02:44:24 999.45 0.00 21.28 999.07 10.69 20.95 21.3 34.5 5.1 995.1 33.01 23.32 1.43
1679193924 2023-03-19 02:45:24 999.45 0.00 21.28 999.08 10.70 20.95 21.3 34.5 5.1 995.1 33.01 23.32 1.43
1679193984 2023-03-19 02:46:24 999.44 0.00 21.28 999.06 10.70 20.96 21.3 34.5 5.1 995.1 33.01 23.32 1.43
1679194044 2023-03-19 02:47:24 999.37 0.00 21.27 999.05 10.70 20.95 21.3 34.5 5.1 995.1 33.02 23.31 1.43
1679194105 2023-03-19 02:48:25 999.38 0.00 21.27 999.04 10.70 20.95 21.3 34.6 5.1 995.1 33.02 23.32 1.43
1679194165 2023-03-19 02:49:25 999.37 0.00 21.27 998.99 10.73 20.94 21.3 34.6 5.1 995.1 33.02 23.31 1.43
1679194225 2023-03-19 02:50:25 999.37 0.00 21.27 999.00 10.70 20.94 21.3 34.5 5.1 995.1 33.02 23.31 1.43
1679194287 2023-03-19 02:51:27 999.39 0.00 21.26 999.02 10.71 20.94 21.3 34.6 5.1 995.1 33.02 23.31 1.43
1679194347 2023-03-19 02:52:27 999.40 0.00 21.26 999.06 10.70 20.94 21.3 34.6 5.1 995.1 33.01 23.31 1.43
1679194407 2023-03-19 02:53:27 999.39 0.00 21.26 999.05 10.71 20.94 21.3 34.6 5.1 995.1 33.01 23.31 1.43
1679194468 2023-03-19 02:54:28 999.42 0.00 21.26 999.08 10.71 20.94 21.3 34.6 5.1 995.2 33.01 23.31 1.43
1679194528 2023-03-19 02:55:28 999.42 0.00 21.25 999.09 10.73 20.93 21.3 34.6 5.1 995.2 33.01 23.31 1.43
1679194588 2023-03-19 02:56:28 999.44 0.00 21.25 999.13 10.74 20.93 21.3 34.6 5.1 995.2 33.01 23.31 1.43
1679194648 2023-03-19 02:57:28 999.49 0.00 21.26 999.16 10.74 20.93 21.3 34.6 5.1 995.2 33.01 23.30 1.43
1679194709 2023-03-19 02:58:29 999.47 0.00 21.25 999.18 10.74 20.93 21.3 34.6 5.1 995.2 33.01 23.30 1.43
1679194769 2023-03-19 02:59:29 999.48 0.00 21.25 999.18 10.73 20.93 21.3 34.6 5.1 995.2 33.01 23.30 1.43
1679194829 2023-03-19 03:00:29 999.48 0.00 21.25 999.16 10.72 20.92 21.3 34.6 5.1 995.2 33.01 23.30 1.43
1679194890 2023-03-19 03:01:30 999.49 0.00 21.25 999.15 10.74 20.92 21.3 34.6 5.1 995.3 33.01 23.30 1.43
1679194950 2023-03-19 03:02:30 999.49 0.00 21.24 999.15 10.74 20.92 21.3 34.6 5.1 995.3 33.01 23.29 1.43
1679195010 2023-03-19 03:03:30 999.52 0.00 21.24 999.17 10.74 20.92 21.3 34.6 5.1 995.3 33.01 23.29 1.43
1679195071 2023-03-19 03:04:31 999.52 0.00 21.24 999.18 10.75 20.92 21.3 34.6 5.1 995.3 33.01 23.29 1.43
1679195131 2023-03-19 03:05:31 999.53 0.00 21.24 999.19 10.75 20.92 21.3 34.6 5.1 995.3 33.00 23.29 1.43
1679195191 2023-03-19 03:06:31 999.54 0.00 21.24 999.20 10.75 20.91 21.3 34.6 5.1 995.3 33.01 23.29 1.43
1679195251 2023-03-19 03:07:31 999.52 0.00 21.23 999.21 10.76 20.91 21.3 34.6 5.1 995.3 33.0 23.29 1.43
1679195311 2023-03-19 03:08:31 999.54 0.00 21.23 999.22 10.76 20.91 21.3 34.6 5.1 995.3 33.01 23.29 1.43
1679195371 2023-03-19 03:09:31 999.56 0.00 21.23 999.25 10.76 20.91 21.3 34.6 5.1 995.3 33.01 23.28 1.43
1679195432 2023-03-19 03:10:32 999.57 0.00 21.23 999.26 10.76 20.91 21.3 34.6 5.1 995.3 33.01 23.28 1.43
1679195492 2023-03-19 03:11:32 999.57 0.00 21.23 999.26 10.76 20.91 21.3 34.6 5.1 995.3 33.0 23.28 1.43
1679195552 2023-03-19 03:12:32 999.57 0.00 21.23 999.25 10.76 20.91 21.3 34.6 5.1 995.3 33.01 23.28 1.43
1679195612 2023-03-19 03:13:32 999.60 0.00 21.23 999.30 10.77 20.90 21.3 34.6 5.1 995.4 33.02 23.28 1.43
1679195673 2023-03-19 03:14:33 999.63 0.00 21.22 999.28 10.77 20.90 21.3 34.6 5.1 995.4 33.02 23.27 1.43
1679195733 2023-03-19 03:15:33 999.63 0.00 21.22 999.29 10.77 20.90 21.3 34.6 5.1 995.4 33.02 23.27 1.43
1679195793 2023-03-19 03:16:33 999.64 0.00 21.22 999.29 10.77 20.90 21.3 34.6 5.1 995.4 33.02 23.27 1.43
1679195853 2023-03-19 03:17:33 999.62 0.00 21.22 999.32 10.77 20.90 21.3 34.6 5.1 995.4 33.0 23.27 1.43
1679195913 2023-03-19 03:18:33 999.61 0.00 21.22 999.32 10.77 20.90 21.3 34.6 5.1 995.4 33.01 23.27 1.43
1679195974 2023-03-19 03:19:34 999.63 0.00 21.22 999.32 10.77 20.89 21.3 34.6 5.1 995.4 33.01 23.27 1.43
1679196034 2023-03-19 03:20:34 999.62 0.00 21.22 999.31 10.76 20.89 21.3 34.7 5.1 995.4 33.01 23.27 1.43
1679196094 2023-03-19 03:21:34 999.62 0.00 21.21 999.32 10.77 20.89 21.2 34.7 5.0 995.4 33.00 23.26 1.43
1679196154 2023-03-19 03:22:34 999.62 0.00 21.21 999.28 10.78 20.89 21.3 34.6 5.1 995.3 33.01 23.26 1.43
1679196214 2023-03-19 03:23:34 999.61 0.00 21.21 999.30 10.77 20.89 21.3 34.6 5.1 995.3 33.01 23.25 1.43
1679196275 2023-03-19 03:24:35 999.60 0.00 21.21 999.28 10.78 20.88 21.3 34.6 5.1 995.4 33.01 23.25 1.43
1679196335 2023-03-19 03:25:35 999.57 0.00 21.20 999.25 10.78 20.88 21.3 34.7 5.1 995.3 33.01 23.25 1.43
1679196395 2023-03-19 03:26:35 999.58 0.00 21.20 999.24 10.78 20.88 21.3 34.6 5.1 995.3 33.01 23.25 1.43
1679196455 2023-03-19 03:27:35 999.55 0.00 21.20 999.24 10.79 20.88 21.2 34.7 5.0 995.3 33.01 23.25 1.43
1679196515 2023-03-19 03:28:35 999.53 0.00 21.20 999.20 10.78 20.88 21.2 34.7 5.0 995.3 33.01 23.25 1.43
1679196576 2023-03-19 03:29:36 999.53 0.00 21.19 999.20 10.78 20.87 21.2 34.7 5.0 995.3 33.01 23.25 1.43
1679196636 2023-03-19 03:30:36 999.51 0.00 21.19 999.19 10.78 20.87 21.2 34.7 5.0 995.3 33.00 23.24 1.43
1679196696 2023-03-19 03:31:36 999.54 0.00 21.19 999.21 10.78 20.87 21.2 34.7 5.0 995.3 33.00 23.24 1.43
1679196756 2023-03-19 03:32:36 999.56 0.00 21.19 999.24 10.79 20.87 21.2 34.7 5.0 995.3 33.00 23.24 1.43
1679196816 2023-03-19 03:33:36 999.58 0.00 21.18 999.26 10.79 20.86 21.2 34.7 5.0 995.3 33.00 23.24 1.43
1679196877 2023-03-19 03:34:37 999.60 0.00 21.18 999.28 10.80 20.86 21.2 34.7 5.0 995.4 32.99 23.24 1.43
1679196937 2023-03-19 03:35:37 999.63 0.00 21.18 999.30 10.80 20.86 21.2 34.7 5.1 995.4 32.99 23.24 1.43
1679196997 2023-03-19 03:36:37 999.62 0.00 21.18 999.30 10.80 20.86 21.2 34.7 5.1 995.4 33.00 23.23 1.43
1679197057 2023-03-19 03:37:37 999.63 0.00 21.18 999.31 10.80 20.86 21.2 34.7 5.0 995.4 32.9 23.23 1.42
1679197118 2023-03-19 03:38:38 999.66 0.00 21.18 999.34 10.82 20.86 21.2 34.7 5.0 995.4 32.99 23.22 1.42
1679197178 2023-03-19 03:39:38 999.69 0.00 21.17 999.36 10.82 20.86 21.2 34.7 5.0 995.4 32.99 23.22 1.43
1679197238 2023-03-19 03:40:38 999.72 0.00 21.17 999.39 10.83 20.85 21.2 34.7 5.1 995.5 32.99 23.22 1.43
1679197299 2023-03-19 03:41:39 999.74 0.00 21.17 999.41 10.83 20.85 21.2 34.7 5.0 995.5 32.9 23.22 1.43
1679197359 2023-03-19 03:42:39 999.75 0.00 21.16 999.40 10.84 20.85 21.2 34.7 5.0 995.5 32.99 23.22 1.43
1679197419 2023-03-19 03:43:39 999.78 0.00 21.16 999.44 10.84 20.85 21.2 34.7 5.0 995.5 32.99 23.21 1.43
1679197480 2023-03-19 03:44:40 999.81 0.00 21.16 999.45 10.85 20.85 21.2 34.7 5.0 995.5 32.9 23.22 1.43
1679197540 2023-03-19 03:45:40 999.82 0.00 21.16 999.46 10.85 20.84 21.2 34.7 5.0 995.5 32.99 23.21 1.43
1679197600 2023-03-19 03:46:40 999.80 0.00 21.16 999.45 10.85 20.84 21.2 34.7 5.0 995.5 32.99 23.21 1.43
1679197660 2023-03-19 03:47:40 999.81 0.00 21.15 999.47 10.85 20.84 21.2 34.7 5.0 995.5 32.99 23.21 1.43
1679197720 2023-03-19 03:48:40 999.83 0.00 21.15 999.49 10.86 20.84 21.2 34.7 5.0 995.5 32.99 23.21 1.43
1679197780 2023-03-19 03:49:40 999.85 0.00 21.15 999.49 10.85 20.83 21.2 34.7 5.0 995.5 32.99 23.20 1.43
1679197841 2023-03-19 03:50:41 999.83 0.00 21.15 999.51 10.85 20.83 21.2 34.7 5.1 995.5 32.98 23.20 1.43
1679197901 2023-03-19 03:51:41 999.85 0.00 21.14 999.50 10.86 20.83 21.2 34.7 5.1 995.5 32.99 23.20 1.43
1679197961 2023-03-19 03:52:41 999.84 0.00 21.14 999.50 10.86 20.83 21.2 34.7 5.1 995.6 32.99 23.20 1.43
1679198022 2023-03-19 03:53:42 999.86 0.00 21.14 999.51 10.89 20.83 21.2 34.7 5.0 995.6 32.99 23.19 1.43
1679198082 2023-03-19 03:54:42 999.88 0.00 21.14 999.53 10.87 20.83 21.2 34.7 5.0 995.6 32.99 23.19 1.43
1679198142 2023-03-19 03:55:42 999.88 0.00 21.13 999.54 10.87 20.82 21.2 34.7 5.0 995.6 32.9 23.18 1.43
1679198202 2023-03-19 03:56:42 999.88 0.00 21.13 999.54 10.87 20.82 21.2 34.7 5.0 995.6 32.99 23.18 1.43
1679198263 2023-03-19 03:57:43 999.89 0.00 21.13 999.53 10.89 20.82 21.2 34.7 5.0 995.6 32.99 23.18 1.43
1679198323 2023-03-19 03:58:43 999.90 0.00 21.12 999.55 10.87 20.82 21.2 34.7 5.0 995.6 32.98 23.18 1.43
1679198383 2023-03-19 03:59:43 999.89 0.00 21.12 999.55 10.88 20.81 21.2 34.7 5.0 995.6 32.99 23.18 1.43
1679198443 2023-03-19 04:00:43 999.88 0.00 21.12 999.51 10.88 20.81 21.2 34.8 5.1 995.6 32.98 23.17 1.43
1679198503 2023-03-19 04:01:43 999.86 0.00 21.11 999.52 10.88 20.81 21.2 34.7 5.0 995.6 32.98 23.17 1.43
1679198563 2023-03-19 04:02:43 999.86 0.00 21.11 999.50 10.88 20.81 21.2 34.8 5.0 995.6 32.97 23.17 1.43
1679198624 2023-03-19 04:03:44 999.88 0.00 21.11 999.51 10.90 20.81 21.2 34.8 5.1 995.6 32.9 23.17 1.43
1679198684 2023-03-19 04:04:44 999.88 0.00 21.11 999.51 10.90 20.80 21.2 34.8 5.1 995.6 32.98 23.17 1.43
1679198744 2023-03-19 04:05:44 999.88 0.00 21.11 999.51 10.88 20.80 21.2 34.8 5.0 995.6 32.97 23.17 1.43
1679198804 2023-03-19 04:06:44 999.89 0.00 21.11 999.53 10.90 20.80 21.2 34.8 5.1 995.6 32.98 23.16 1.43
1679198865 2023-03-19 04:07:45 999.85 0.00 21.11 999.50 10.91 20.80 21.2 34.7 5.0 995.6 32.98 23.16 1.43
1679198925 2023-03-19 04:08:45 999.81 0.00 21.10 999.50 10.90 20.80 21.2 34.8 5.0 995.5 32.98 23.16 1.43
1679198985 2023-03-19 04:09:45 999.82 0.00 21.10 999.49 10.91 20.80 21.2 34.8 5.0 995.5 32.99 23.16 1.43
1679199046 2023-03-19 04:10:46 999.82 0.00 21.10 999.47 10.91 20.79 21.2 34.8 5.1 995.5 32.99 23.16 1.43
1679199106 2023-03-19 04:11:46 999.79 0.00 21.10 999.49 10.92 20.79 21.2 34.7 5.0 995.5 32.98 23.16 1.43
1679199166 2023-03-19 04:12:46 999.84 0.00 21.10 999.49 10.91 20.79 21.2 34.8 5.1 995.6 32.98 23.16 1.43
1679199226 2023-03-19 04:13:46 999.85 0.00 21.10 999.54 10.91 20.79 21.2 34.8 5.0 995.6 32.98 23.15 1.43
1679199286 2023-03-19 04:14:46 999.88 0.00 21.09 999.56 10.91 20.78 21.2 34.8 5.0 995.6 32.98 23.15 1.43
1679199346 2023-03-19 04:15:46 999.93 0.00 21.09 999.57 10.93 20.78 21.2 34.8 5.1 995.6 32.98 23.15 1.43
1679199407 2023-03-19 04:16:47 999.95 0.00 21.09 999.58 10.94 20.78 21.2 34.8 5.0 995.6 32.9 23.15 1.42
1679199467 2023-03-19 04:17:47 999.97 0.00 21.09 999.62 10.94 20.78 21.2 34.8 5.0 995.7 32.97 23.15 1.43
1679199527 2023-03-19 04:18:47 999.98 0.00 21.09 999.62 10.94 20.78 21.2 34.7 5.0 995.7 32.97 23.14 1.43
1679199587 2023-03-19 04:19:47 999.98 0.00 21.08 999.64 10.94 20.78 21.2 34.8 5.0 995.7 32.97 23.14 1.43
1679199648 2023-03-19 04:20:48 999.98 0.00 21.08 999.64 10.94 20.77 21.2 34.8 5.1 995.7 32.9 23.14 1.42
1679199708 2023-03-19 04:21:48 999.98 0.00 21.08 999.64 10.94 20.77 21.2 34.8 5.0 995.7 32.97 23.14 1.43
1679199768 2023-03-19 04:22:48 1000.00 0.00 21.08 999.63 10.95 20.77 21.2 34.8 5.0 995.6 32.97 23.14 1.43
1679199828 2023-03-19 04:23:48 999.99 0.00 21.08 999.61 10.93 20.77 21.2 34.8 5.0 995.7 32.97 23.14 1.43
1679199889 2023-03-19 04:24:49 999.99 0.00 21.08 999.60 10.94 20.76 21.1 34.8 5.0 995.7 32.97 23.14 1.42
1679199949 2023-03-19 04:25:49 999.98 0.00 21.07 999.62 10.94 20.76 21.1 34.8 5.0 995.7 32.9 23.13 1.43
1679200009 2023-03-19 04:26:49 999.99 0.00 21.07 999.63 10.94 20.76 21.2 34.8 5.0 995.7 32.97 23.13 1.43
1679200069 2023-03-19 04:27:49 1000.01 0.00 21.07 999.66 10.95 20.76 21.2 34.8 5.0 995.7 32.98 23.13 1.43
1679200129 2023-03-19 04:28:49 1000.01 0.00 21.07 999.65 10.96 20.76 21.1 34.8 5.0 995.7 32.97 23.13 1.43
1679200189 2023-03-19 04:29:49 1000.03 0.00 21.07 999.67 10.95 20.76 21.1 34.8 5.0 995.7 32.97 23.12 1.43
1679200250 2023-03-19 04:30:50 1000.05 0.00 21.07 999.67 10.95 20.75 21.2 34.8 5.0 995.7 32.96 23.12 1.42
1679200310 2023-03-19 04:31:50 1000.01 0.00 21.06 999.61 10.96 20.75 21.2 34.8 5.0 995.7 32.96 23.12 1.43
1679200370 2023-03-19 04:32:50 1000.03 0.00 21.06 999.63 10.98 20.75 21.2 34.8 5.0 995.7 32.96 23.12 1.42
1679200430 2023-03-19 04:33:50 1000.04 0.00 21.06 999.63 10.98 20.75 21.2 34.8 5.0 995.7 32.97 23.12 1.42
1679200490 2023-03-19 04:34:50 1000.04 0.00 21.06 999.65 10.98 20.75 21.2 34.8 5.0 995.7 32.97 23.12 1.42
1679200550 2023-03-19 04:35:50 1000.04 0.00 21.05 999.66 10.99 20.75 21.1 34.8 5.0 995.7 32.97 23.12 1.43
1679200611 2023-03-19 04:36:51 1000.05 0.00 21.05 999.66 10.99 20.74 21.1 34.8 5.0 995.7 32.9 23.11 1.43
1679200671 2023-03-19 04:37:51 1000.05 0.00 21.05 999.66 10.98 20.74 21.1 34.8 5.0 995.7 32.9 23.11 1.43
1679200731 2023-03-19 04:38:51 1000.07 0.00 21.05 999.68 10.98 20.74 21.1 34.8 5.0 995.7 32.98 23.11 1.43
1679200791 2023-03-19 04:39:51 1000.07 0.00 21.05 999.69 10.99 20.74 21.1 34.8 5.0 995.8 32.98 23.11 1.43
1679200851 2023-03-19 04:40:51 1000.09 0.00 21.05 999.71 10.99 20.74 21.1 34.8 5.0 995.8 32.98 23.11 1.43
1679200912 2023-03-19 04:41:52 1000.08 0.00 21.05 999.73 11.01 20.73 21.1 34.8 5.0 995.8 32.98 23.10 1.43
1679200972 2023-03-19 04:42:52 1000.11 0.00 21.04 999.74 11.00 20.73 21.1 34.8 5.0 995.8 32.98 23.10 1.43
1679201032 2023-03-19 04:43:52 1000.11 0.00 21.04 999.73 11.00 20.73 21.1 34.8 5.0 995.8 32.9 23.10 1.43
1679201092 2023-03-19 04:44:52 1000.06 0.00 21.04 999.70 11.00 20.73 21.1 34.8 5.0 995.8 32.98 23.10 1.43
1679201153 2023-03-19 04:45:53 1000.06 0.00 21.04 999.72 11.01 20.73 21.1 34.8 5.0 995.8 32.98 23.10 1.43
1679201213 2023-03-19 04:46:53 1000.09 0.00 21.04 999.73 11.01 20.73 21.1 34.8 5.0 995.8 32.98 23.09 1.43
1679201273 2023-03-19 04:47:53 1000.11 0.00 21.04 999.75 11.01 20.73 21.1 34.8 5.0 995.8 32.98 23.09 1.43
1679201333 2023-03-19 04:48:53 1000.12 0.00 21.03 999.76 11.01 20.73 21.1 34.8 5.0 995.8 32.98 23.09 1.43
1679201393 2023-03-19 04:49:53 1000.15 0.00 21.03 999.77 11.01 20.73 21.1 34.8 5.0 995.8 32.98 23.09 1.43
1679201454 2023-03-19 04:50:54 1000.15 0.00 21.03 999.80 11.01 20.72 21.1 34.8 5.0 995.9 32.97 23.09 1.43
1679201514 2023-03-19 04:51:54 1000.17 0.00 21.03 999.80 11.01 20.72 21.1 34.8 5.0 995.9 32.98 23.09 1.43
1679201574 2023-03-19 04:52:54 1000.16 0.00 21.03 999.80 11.02 20.72 21.1 34.8 5.0 995.9 32.98 23.08 1.43
1679201634 2023-03-19 04:53:54 1000.19 0.00 21.03 999.81 11.01 20.72 21.1 34.9 5.0 995.9 32.98 23.09 1.43
1679201694 2023-03-19 04:54:54 1000.18 0.00 21.03 999.83 11.02 20.72 21.1 34.8 5.0 995.8 32.98 23.08 1.43
1679201754 2023-03-19 04:55:54 1000.19 0.00 21.03 999.83 11.02 20.72 21.1 34.8 5.0 995.8 32.97 23.08 1.43
1679201815 2023-03-19 04:56:55 1000.17 0.00 21.03 999.81 11.02 20.71 21.1 34.8 5.0 995.9 32.98 23.08 1.43
1679201875 2023-03-19 04:57:55 1000.15 0.00 21.03 999.81 11.03 20.71 21.1 34.8 5.0 995.9 32.97 23.08 1.43
1679201936 2023-03-19 04:58:56 1000.17 0.00 21.03 999.80 11.03 20.71 21.1 34.8 5.0 995.9 32.97 23.08 1.43
1679201996 2023-03-19 04:59:56 1000.15 0.00 21.02 999.78 11.03 20.71 21.1 34.8 5.0 995.9 32.97 23.08 1.43
1679202056 2023-03-19 05:00:56 1000.15 0.00 21.02 999.79 11.03 20.71 21.1 34.8 5.0 995.9 32.97 23.08 1.43
1679202116 2023-03-19 05:01:56 1000.16 0.00 21.02 999.81 11.02 20.71 21.1 34.8 5.0 995.9 32.97 23.08 1.43
1679202176 2023-03-19 05:02:56 1000.17 0.00 21.02 999.80 11.03 20.71 21.1 34.9 5.0 995.9 32.9 23.08 1.43
1679202237 2023-03-19 05:03:57 1000.18 0.00 21.02 999.80 11.03 20.70 21.1 34.9 5.0 995.9 32.97 23.08 1.43
1679202297 2023-03-19 05:04:57 1000.19 0.00 21.02 999.82 11.02 20.71 21.1 34.9 5.0 995.9 32.98 23.08 1.43
1679202357 2023-03-19 05:05:57 1000.19 0.00 21.02 999.83 11.03 20.70 21.1 34.9 5.0 995.9 32.9 23.07 1.43
1679202417 2023-03-19 05:06:57 1000.21 0.00 21.01 999.83 11.03 20.70 21.1 34.9 5.0 995.9 32.97 23.08 1.43
1679202477 2023-03-19 05:07:57 1000.20 0.00 21.01 999.83 11.04 20.70 21.1 34.8 5.0 995.9 32.98 23.07 1.43
1679202538 2023-03-19 05:08:58 1000.20 0.00 21.01 999.83 11.03 20.70 21.1 34.9 5.0 995.9 32.97 23.07 1.43
1679202598 2023-03-19 05:09:58 1000.18 0.00 21.01 999.84 11.03 20.70 21.1 34.9 5.0 995.9 32.98 23.07 1.43
1679202658 2023-03-19 05:10:58 1000.18 0.00 21.01 999.81 11.03 20.69 21.1 34.9 5.0 995.9 32.98 23.07 1.43
1679202718 2023-03-19 05:11:58 1000.21 0.00 21.01 999.83 11.03 20.70 21.1 34.9 5.0 995.9 32.98 23.07 1.43
1679202778 2023-03-19 05:12:58 1000.17 0.00 21.00 999.80 11.04 20.69 21.1 34.9 5.0 995.9 32.98 23.06 1.43
1679202839 2023-03-19 05:13:59 1000.22 0.00 21.01 999.85 11.04 20.69 21.1 34.8 5.0 995.9 32.98 23.06 1.43
1679202899 2023-03-19 05:14:59 1000.24 0.00 21.01 999.83 11.04 20.69 21.1 34.9 5.0 995.9 32.98 23.06 1.43
1679202959 2023-03-19 05:15:59 1000.20 0.00 21.00 999.83 11.06 20.69 21.1 34.9 5.0 995.9 32.98 23.06 1.43
1679203019 2023-03-19 05:16:59 1000.20 0.00 21.00 999.84 11.06 20.69 21.1 34.9 5.0 995.9 32.98 23.06 1.43
1679203079 2023-03-19 05:17:59 1000.20 0.00 21.00 999.85 11.04 20.69 21.1 34.9 5.0 995.9 32.97 23.06 1.43
1679203140 2023-03-19 05:19:00 1000.19 0.00 21.00 999.82 11.06 20.69 21.1 34.8 5.0 995.9 32.97 23.06 1.43
1679203200 2023-03-19 05:20:00 1000.19 0.00 21.00 999.81 11.06 20.68 21.1 34.9 5.0 995.9 32.97 23.06 1.43
1679203260 2023-03-19 05:21:00 1000.18 0.00 21.00 999.81 11.06 20.68 21.1 34.9 5.0 995.9 32.97 23.06 1.43
1679203320 2023-03-19 05:22:00 1000.18 0.00 21.00 999.81 11.06 20.68 21.1 34.9 5.0 995.9 32.9 23.06 1.43
1679203380 2023-03-19 05:23:00 1000.18 0.00 20.99 999.82 11.06 20.68 21.1 34.9 5.0 995.9 32.97 23.05 1.43
1679203441 2023-03-19 05:24:01 1000.18 0.00 20.99 999.79 11.06 20.68 21.1 34.9 5.0 995.9 32.97 23.05 1.42
1679203501 2023-03-19 05:25:01 1000.17 0.00 20.99 999.79 11.04 20.68 21.1 34.9 5.0 995.9 32.97 23.05 1.43
1679203561 2023-03-19 05:26:01 1000.17 0.00 20.99 999.81 11.04 20.68 21.1 34.9 5.0 995.9 32.97 23.05 1.43
1679203622 2023-03-19 05:27:02 1000.17 0.00 20.99 999.80 11.06 20.68 21.1 34.9 5.0 995.9 32.96 23.05 1.43
1679203682 2023-03-19 05:28:02 1000.18 0.00 20.99 999.80 11.06 20.68 21.1 34.9 5.0 995.9 32.97 23.05 1.43
1679203742 2023-03-19 05:29:02 1000.19 0.00 20.99 999.81 11.07 20.68 21.1 34.9 5.0 995.9 32.97 23.05 1.43
1679203802 2023-03-19 05:30:02 1000.18 0.00 20.98 999.80 11.05 20.68 21.1 34.9 5.0 995.9 32.97 23.04 1.43
1679203862 2023-03-19 05:31:02 1000.16 0.00 20.98 999.78 11.07 20.67 21.1 34.9 5.0 995.9 32.97 23.04 1.43
1679203923 2023-03-19 05:32:03 1000.14 0.00 20.98 999.78 11.07 20.67 21.1 34.9 5.0 995.9 32.97 23.04 1.43
1679203983 2023-03-19 05:33:03 1000.17 0.00 20.98 999.79 11.08 20.67 21.1 34.9 5.0 995.9 32.98 23.04 1.43
1679204043 2023-03-19 05:34:03 1000.18 0.00 20.98 999.81 11.08 20.67 21.1 34.9 5.0 995.9 32.98 23.03 1.43
1679204103 2023-03-19 05:35:03 1000.17 0.00 20.98 999.81 11.08 20.67 21.1 34.9 5.0 995.9 32.97 23.04 1.43
1679204164 2023-03-19 05:36:04 1000.19 0.00 20.98 999.82 11.09 20.66 21.1 34.9 5.0 995.9 32.97 23.04 1.43
1679204224 2023-03-19 05:37:04 1000.20 0.00 20.98 999.81 11.08 20.66 21.1 34.9 5.0 995.9 32.97 23.03 1.43
1679204284 2023-03-19 05:38:04 1000.18 0.00 20.98 999.81 11.08 20.66 21.1 34.9 5.0 995.9 32.97 23.04 1.43
1679204344 2023-03-19 05:39:04 1000.20 0.00 20.98 999.79 11.07 20.66 21.1 34.9 5.0 995.9 32.97 23.03 1.43
1679204404 2023-03-19 05:40:04 1000.18 0.00 20.97 999.80 11.08 20.66 21.1 34.9 5.0 995.9 32.96 23.03 1.43
1679204464 2023-03-19 05:41:04 1000.19 0.00 20.97 999.80 11.08 20.66 21.1 34.9 5.0 995.9 32.9 23.03 1.42
1679204525 2023-03-19 05:42:05 1000.18 0.00 20.97 999.80 11.08 20.66 21.1 34.9 5.0 995.9 32.96 23.03 1.43
1679204585 2023-03-19 05:43:05 1000.18 0.00 20.97 999.82 11.08 20.66 21.1 34.9 5.0 995.9 32.96 23.02 1.43
1679204645 2023-03-19 05:44:05 1000.21 0.00 20.97 999.82 11.09 20.66 21.1 34.9 5.0 995.9 32.9 23.02 1.43
1679204705 2023-03-19 05:45:05 1000.17 0.00 20.97 999.80 11.10 20.65 21.1 34.9 5.0 995.9 32.95 23.02 1.43
1679204765 2023-03-19 05:46:05 1000.16 0.00 20.96 999.82 11.09 20.66 21.1 34.9 5.0 995.8 32.9 23.02 1.43
1679204826 2023-03-19 05:47:06 1000.16 0.00 20.96 999.78 11.09 20.65 21.1 35.0 5.0 995.9 32.95 23.02 1.43
1679204886 2023-03-19 05:48:06 1000.14 0.00 20.96 999.78 11.09 20.65 21.1 34.9 5.0 995.9 32.9 23.01 1.42
1679204946 2023-03-19 05:49:06 1000.18 0.00 20.96 999.78 11.09 20.65 21.1 35.0 5.0 995.9 32.96 23.01 1.43
1679205006 2023-03-19 05:50:06 1000.17 0.00 20.96 999.79 11.09 20.65 21.1 35.0 5.0 995.9 32.9 23.01 1.43
1679205066 2023-03-19 05:51:06 1000.15 0.00 20.96 999.78 11.10 20.64 21.1 34.9 5.0 995.9 32.96 23.01 1.43
1679205127 2023-03-19 05:52:07 1000.16 0.00 20.96 999.78 11.09 20.64 21.1 34.9 5.0 995.9 32.96 23.01 1.42
1679205187 2023-03-19 05:53:07 1000.16 0.00 20.96 999.78 11.10 20.64 21.1 35.0 5.0 995.9 32.96 23.00 1.43
1679205247 2023-03-19 05:54:07 1000.14 0.00 20.96 999.76 11.08 20.64 21.1 35.0 5.0 995.9 32.96 23.01 1.43
1679205307 2023-03-19 05:55:07 1000.12 0.00 20.96 999.73 11.09 20.64 21.1 35.0 5.0 995.8 32.96 23.01 1.43
1679205367 2023-03-19 05:56:07 1000.08 0.00 20.96 999.73 11.09 20.64 21.1 35.0 5.0 995.8 32.96 23.01 1.43
1679205428 2023-03-19 05:57:08 1000.06 0.00 20.95 999.71 11.09 20.64 21.1 35.0 5.0 995.7 32.96 23.00 1.42
1679205488 2023-03-19 05:58:08 1000.05 0.00 20.95 999.68 11.10 20.64 21.1 35.0 5.0 995.8 32.96 23.00 1.43
1679205548 2023-03-19 05:59:08 1000.07 0.00 20.95 999.70 11.10 20.64 21.1 35.0 5.0 995.8 32.96 23.00 1.42
1679205608 2023-03-19 06:00:08 1000.09 0.00 20.95 999.69 11.11 20.63 21.1 35.0 5.0 995.8 32.96 23.00 1.43
1679205668 2023-03-19 06:01:08 1000.12 0.00 20.95 999.73 11.10 20.63 21.1 35.0 5.0 995.8 32.96 23.00 1.43
1679205728 2023-03-19 06:02:08 1000.15 0.00 20.95 999.75 11.11 20.63 21.1 35.0 5.0 995.8 32.96 23.00 1.43
1679205789 2023-03-19 06:03:09 1000.15 0.00 20.95 999.75 11.12 20.63 21.1 35.0 5.0 995.9 32.96 22.99 1.43
1679205849 2023-03-19 06:04:09 1000.15 0.00 20.95 999.77 11.12 20.63 21.1 35.0 5.0 995.9 32.96 23.00 1.43
1679205909 2023-03-19 06:05:09 1000.14 0.00 20.94 999.77 11.12 20.63 21.1 35.0 5.0 995.9 32.96 22.99 1.43
1679205969 2023-03-19 06:06:09 1000.15 0.00 20.94 999.82 11.12 20.63 21.1 35.0 5.0 995.9 32.97 22.99 1.43
1679206029 2023-03-19 06:07:09 1000.17 0.00 20.94 999.84 11.12 20.63 21.1 35.1 5.1 995.9 32.97 22.99 1.43
1679206089 2023-03-19 06:08:09 1000.19 0.00 20.94 999.86 11.14 20.63 21.1 35.0 5.0 995.9 32.96 22.99 1.43
1679206150 2023-03-19 06:09:10 1000.22 0.00 20.94 999.87 11.14 20.63 21.1 35.1 5.1 995.9 32.96 22.99 1.43
1679206210 2023-03-19 06:10:10 1000.21 0.00 20.94 999.89 11.14 20.63 21.1 35.0 5.0 996.0 32.96 22.99 1.43
1679206270 2023-03-19 06:11:10 1000.21 0.00 20.94 999.87 11.13 20.62 21.1 35.0 5.0 996.0 32.96 22.99 1.43
1679206331 2023-03-19 06:12:11 1000.22 0.00 20.94 999.89 11.13 20.62 21.1 35.1 5.1 995.9 32.96 22.99 1.43
1679206391 2023-03-19 06:13:11 1000.22 0.00 20.94 999.89 11.13 20.62 21.1 35.1 5.1 995.9 32.96 22.99 1.43
1679206451 2023-03-19 06:14:11 1000.25 0.00 20.94 999.88 11.13 20.62 21.0 35.1 5.0 996.0 32.9 22.99 1.43
1679206511 2023-03-19 06:15:11 1000.26 0.00 20.93 999.92 11.13 20.62 21.0 35.1 5.1 996.0 32.96 22.99 1.43
1679206571 2023-03-19 06:16:11 1000.29 0.00 20.93 999.95 11.15 20.62 21.1 35.1 5.1 996.0 32.96 22.98 1.43
1679206632 2023-03-19 06:17:12 1000.29 0.00 20.93 999.91 11.15 20.61 21.0 35.1 5.1 996.0 32.96 22.99 1.43
1679206692 2023-03-19 06:18:12 1000.30 0.00 20.93 999.93 11.16 20.61 21.1 35.1 5.1 996.0 32.96 22.99 1.42
1679206752 2023-03-19 06:19:12 1000.27 0.00 20.93 999.95 11.17 20.61 21.1 35.1 5.1 996.0 32.96 22.99 1.43
1679206812 2023-03-19 06:20:12 1000.29 0.00 20.93 999.97 11.16 20.61 21.1 35.1 5.1 996.1 32.95 22.99 1.43
1679206872 2023-03-19 06:21:12 1000.34 0.00 20.93 999.98 11.17 20.61 21.1 35.1 5.1 996.1 32.95 22.99 1.42
1679206933 2023-03-19 06:22:13 1000.33 0.00 20.93 999.99 11.17 20.61 21.1 35.1 5.1 996.1 32.96 22.99 1.43
1679206993 2023-03-19 06:23:13 1000.38 0.00 20.93 1000.03 11.17 20.60 21.1 35.1 5.1 996.1 32.96 22.98 1.43
1679207053 2023-03-19 06:24:13 1000.39 0.00 20.92 1000.05 11.17 20.61 21.1 35.1 5.1 996.1 32.96 22.99 1.43
1679207113 2023-03-19 06:25:13 1000.42 0.00 20.92 1000.06 11.18 20.61 21.1 35.1 5.1 996.2 32.96 22.99 1.43
1679207174 2023-03-19 06:26:14 1000.42 0.00 20.93 1000.09 11.17 20.61 21.1 35.1 5.1 996.2 32.96 22.99 1.43
1679207234 2023-03-19 06:27:14 1000.44 0.00 20.92 1000.12 11.19 20.60 21.1 35.1 5.1 996.2 32.9 22.99 1.43
1679207294 2023-03-19 06:28:14 1000.45 0.00 20.92 1000.14 11.18 20.60 21.1 35.1 5.1 996.2 32.9 22.99 1.43
1679207354 2023-03-19 06:29:14 1000.46 0.00 20.92 1000.13 11.19 20.60 21.1 35.1 5.1 996.2 32.9 22.99 1.43
1679207414 2023-03-19 06:30:14 1000.48 0.00 20.92 1000.14 11.19 20.60 21.1 35.1 5.1 996.2 32.96 22.99 1.43
1679207474 2023-03-19 06:31:14 1000.49 0.00 20.92 1000.17 11.19 20.60 21.1 35.1 5.1 996.2 32.96 23.00 1.43
1679207535 2023-03-19 06:32:15 1000.50 0.00 20.92 1000.20 11.18 20.60 21.1 35.1 5.1 996.2 32.96 22.99 1.43
1679207595 2023-03-19 06:33:15 1000.51 0.00 20.92 1000.21 11.19 20.60 21.1 35.1 5.1 996.3 32.95 22.99 1.43
1679207655 2023-03-19 06:34:15 1000.54 0.00 20.91 1000.21 11.18 20.60 21.1 35.1 5.1 996.3 32.95 22.99 1.43
1679207716 2023-03-19 06:35:16 1000.55 0.00 20.91 1000.23 11.19 20.60 21.1 35.1 5.1 996.3 32.96 22.99 1.43
1679207776 2023-03-19 06:36:16 1000.58 0.00 20.91 1000.23 11.19 20.60 21.1 35.1 5.1 996.3 32.95 22.99 1.43
1679207836 2023-03-19 06:37:16 1000.57 0.00 20.92 1000.25 11.19 20.60 21.1 35.1 5.1 996.3 32.95 22.99 1.43
1679207896 2023-03-19 06:38:16 1000.60 0.00 20.91 1000.25 11.19 20.60 21.1 35.1 5.1 996.3 32.95 22.99 1.43
1679207956 2023-03-19 06:39:16 1000.63 0.00 20.91 1000.27 11.19 20.60 21.1 35.1 5.1 996.3 32.95 22.99 1.43
1679208016 2023-03-19 06:40:16 1000.63 0.00 20.91 1000.30 11.19 20.60 21.1 35.1 5.1 996.3 32.95 22.99 1.43
1679208077 2023-03-19 06:41:17 1000.66 0.00 20.91 1000.32 11.21 20.60 21.1 35.1 5.1 996.4 32.95 22.99 1.43
1679208137 2023-03-19 06:42:17 1000.65 0.00 20.91 1000.32 11.19 20.60 21.1 35.1 5.1 996.4 32.96 22.99 1.43
1679208197 2023-03-19 06:43:17 1000.66 0.00 20.91 1000.33 11.19 20.60 21.1 35.1 5.1 996.4 32.96 22.99 1.43
1679208257 2023-03-19 06:44:17 1000.69 0.00 20.91 1000.33 11.18 20.60 21.1 35.2 5.1 996.4 32.96 23.00 1.43
1679208317 2023-03-19 06:45:17 1000.67 0.00 20.91 1000.35 11.18 20.60 21.1 35.2 5.1 996.4 32.96 22.99 1.43
1679208378 2023-03-19 06:46:18 1000.69 0.00 20.91 1000.34 11.18 20.60 21.0 35.2 5.1 996.4 32.95 23.00 1.43
1679208438 2023-03-19 06:47:18 1000.71 0.00 20.91 1000.37 11.18 20.60 21.1 35.3 5.1 996.4 32.96 23.00 1.43
1679208498 2023-03-19 06:48:18 1000.71 0.00 20.91 1000.38 11.19 20.60 21.1 35.2 5.1 996.4 32.96 23.00 1.43
1679208559 2023-03-19 06:49:19 1000.70 0.00 20.92 1000.38 11.19 20.60 21.1 35.2 5.1 996.4 32.96 23.00 1.43
1679208619 2023-03-19 06:50:19 1000.71 0.00 20.91 1000.39 11.19 20.60 21.1 35.2 5.1 996.4 32.96 23.00 1.43
1679208679 2023-03-19 06:51:19 1000.72 0.00 20.91 1000.38 11.19 20.60 21.1 35.2 5.1 996.4 32.96 23.00 1.43
1679208740 2023-03-19 06:52:20 1000.74 0.00 20.91 1000.41 11.19 20.60 21.1 35.2 5.1 996.5 32.96 23.00 1.43
1679208800 2023-03-19 06:53:20 1000.76 0.00 20.92 1000.41 11.19 20.60 21.1 35.3 5.2 996.5 32.96 23.00 1.43
1679208860 2023-03-19 06:54:20 1000.77 0.00 20.92 1000.42 11.19 20.60 21.1 35.2 5.1 996.5 32.9 23.01 1.43
1679208920 2023-03-19 06:55:20 1000.77 0.00 20.92 1000.43 11.18 20.60 21.1 35.3 5.2 996.5 32.96 23.01 1.43
1679208981 2023-03-19 06:56:21 1000.77 0.00 20.92 1000.43 11.19 20.61 21.1 35.3 5.2 996.5 32.97 23.01 1.43
1679209041 2023-03-19 06:57:21 1000.79 0.00 20.92 1000.44 11.18 20.60 21.1 35.3 5.2 996.5 32.96 23.01 1.43
1679209101 2023-03-19 06:58:21 1000.79 0.00 20.93 1000.45 11.18 20.61 21.1 35.3 5.2 996.5 32.96 23.00 1.43
1679209161 2023-03-19 06:59:21 1000.80 0.00 20.92 1000.45 11.18 20.61 21.1 35.3 5.2 996.5 32.96 23.01 1.43
1679209222 2023-03-19 07:00:22 1000.80 0.00 20.93 1000.45 11.17 20.61 21.1 35.3 5.2 996.5 32.96 23.01 1.43
1679209282 2023-03-19 07:01:22 1000.85 0.00 20.93 1000.47 11.18 20.61 21.1 35.3 5.2 996.6 32.97 23.01 1.43
1679209342 2023-03-19 07:02:22 1000.85 0.00 20.94 1000.50 11.18 20.61 21.1 35.3 5.2 996.6 32.97 23.01 1.43
1679209402 2023-03-19 07:03:22 1000.87 0.00 20.94 1000.51 11.18 20.61 21.1 35.3 5.2 996.6 32.9 23.01 1.43
1679209463 2023-03-19 07:04:23 1000.87 0.00 20.94 1000.57 11.18 20.62 21.1 35.3 5.2 996.6 32.96 23.02 1.43
1679209523 2023-03-19 07:05:23 1000.88 0.00 20.94 1000.53 11.18 20.62 21.1 35.3 5.2 996.6 32.97 23.02 1.43
1679209583 2023-03-19 07:06:23 1000.88 0.00 20.94 1000.58 11.17 20.62 21.1 35.4 5.2 996.6 32.97 23.02 1.43
1679209643 2023-03-19 07:07:23 1000.89 0.00 20.94 1000.55 11.17 20.62 21.1 35.3 5.2 996.6 32.97 23.02 1.43
1679209703 2023-03-19 07:08:23 1000.87 0.00 20.94 1000.55 11.17 20.62 21.1 35.4 5.2 996.6 32.97 23.02 1.43
1679209764 2023-03-19 07:09:24 1000.89 0.00 20.95 1000.54 11.17 20.62 21.1 35.3 5.2 996.6 32.97 23.02 1.43
1679209825 2023-03-19 07:10:25 1000.87 0.00 20.95 1000.56 11.17 20.63 21.1 35.3 5.2 996.6 32.97 23.02 1.43
1679209885 2023-03-19 07:11:25 1000.91 0.00 20.95 1000.55 11.16 20.63 21.1 35.3 5.2 996.6 32.98 23.03 1.43
1679209945 2023-03-19 07:12:25 1000.90 0.00 20.95 1000.55 11.17 20.63 21.1 35.4 5.2 996.6 32.98 23.02 1.43
1679210006 2023-03-19 07:13:26 1000.91 0.00 20.95 1000.56 11.16 20.63 21.1 35.3 5.2 996.6 32.98 23.03 1.43
1679210066 2023-03-19 07:14:26 1000.93 0.00 20.95 1000.56 11.16 20.63 21.1 35.4 5.2 996.6 32.9 23.03 1.43
1679210126 2023-03-19 07:15:26 1000.94 0.00 20.95 1000.58 11.17 20.63 21.1 35.4 5.2 996.6 32.98 23.03 1.43
1679210186 2023-03-19 07:16:26 1000.93 0.00 20.95 1000.61 11.16 20.64 21.1 35.4 5.2 996.6 32.98 23.03 1.43
1679210247 2023-03-19 07:17:27 1000.94 0.00 20.95 1000.58 11.16 20.63 21.1 35.4 5.2 996.7 32.98 23.03 1.43
1679210307 2023-03-19 07:18:27 1000.94 0.00 20.95 1000.61 11.16 20.64 21.1 35.4 5.2 996.7 32.98 23.03 1.43
1679210367 2023-03-19 07:19:27 1000.93 0.00 20.95 1000.60 11.16 20.64 21.1 35.4 5.2 996.7 32.98 23.03 1.43
1679210427 2023-03-19 07:20:27 1000.93 0.00 20.95 1000.60 11.15 20.64 21.1 35.5 5.3 996.7 32.99 23.04 1.43
1679210487 2023-03-19 07:21:27 1000.94 0.00 20.96 1000.61 11.14 20.64 21.1 35.4 5.2 996.6 32.9 23.04 1.43
1679210547 2023-03-19 07:22:27 1000.92 0.00 20.96 1000.59 11.15 20.64 21.1 35.5 5.3 996.6 32.98 23.05 1.43
1679210608 2023-03-19 07:23:28 1000.93 0.00 20.96 1000.59 11.14 20.64 21.1 35.5 5.3 996.6 32.98 23.05 1.43
1679210668 2023-03-19 07:24:28 1000.92 0.00 20.96 1000.59 11.14 20.65 21.1 35.5 5.3 996.6 32.9 23.05 1.43
1679210728 2023-03-19 07:25:28 1000.93 0.00 20.96 1000.61 11.14 20.64 21.1 35.5 5.3 996.6 32.97 23.05 1.43
1679210788 2023-03-19 07:26:28 1000.93 0.00 20.96 1000.59 11.14 20.65 21.1 35.5 5.3 996.7 32.98 23.05 1.43
1679210848 2023-03-19 07:27:28 1000.93 0.00 20.96 1000.58 11.14 20.65 21.1 35.5 5.3 996.6 32.9 23.05 1.43
1679210909 2023-03-19 07:28:29 1000.92 0.00 20.96 1000.60 11.12 20.66 21.1 35.5 5.3 996.6 32.9 23.06 1.43
1679210969 2023-03-19 07:29:29 1000.94 0.00 20.97 1000.61 11.12 20.66 21.1 35.6 5.3 996.6 32.98 23.06 1.43
1679211029 2023-03-19 07:30:29 1000.94 0.00 20.97 1000.61 11.12 20.66 21.1 35.6 5.3 996.6 32.98 23.06 1.43
1679211089 2023-03-19 07:31:29 1000.93 0.00 20.97 1000.61 11.12 20.66 21.1 35.5 5.3 996.6 32.97 23.06 1.43
1679211150 2023-03-19 07:32:30 1000.94 0.00 20.97 1000.62 11.11 20.66 21.1 35.5 5.3 996.7 32.98 23.06 1.43
1679211212 2023-03-19 07:33:32 1000.97 0.00 20.97 1000.62 11.14 20.66 21.1 35.5 5.3 996.7 32.98 23.06 1.43
1679211272 2023-03-19 07:34:32 1000.96 0.00 20.98 1000.62 11.14 20.67 21.1 35.5 5.3 996.7 32.99 23.07 1.43
1679211332 2023-03-19 07:35:32 1000.96 0.00 20.98 1000.61 11.11 20.67 21.1 35.6 5.3 996.7 32.99 23.07 1.43
1679211392 2023-03-19 07:36:32 1000.95 0.00 20.98 1000.61 11.13 20.67 21.1 35.6 5.3 996.6 32.99 23.07 1.43
1679211453 2023-03-19 07:37:33 1000.93 0.00 20.98 1000.58 11.11 20.67 21.1 35.6 5.3 996.6 32.99 23.07 1.43
1679211513 2023-03-19 07:38:33 1000.93 0.00 20.98 1000.58 11.11 20.67 21.1 35.6 5.3 996.6 32.99 23.07 1.43
1679211573 2023-03-19 07:39:33 1000.94 0.00 20.99 1000.58 11.11 20.67 21.1 35.6 5.3 996.6 32.99 23.08 1.43
1679211633 2023-03-19 07:40:33 1000.95 0.00 20.99 1000.59 11.11 20.67 21.1 35.6 5.4 996.7 32.99 23.08 1.43
1679211694 2023-03-19 07:41:34 1000.95 0.00 20.99 1000.58 11.11 20.67 21.1 35.6 5.3 996.7 32.99 23.08 1.43
1679211754 2023-03-19 07:42:34 1000.97 0.00 20.99 1000.63 11.10 20.68 21.1 35.6 5.3 996.7 32.99 23.08 1.43
1679211814 2023-03-19 07:43:34 1000.96 0.00 20.99 1000.62 11.12 20.68 21.1 35.6 5.4 996.7 33.00 23.08 1.43
1679211874 2023-03-19 07:44:34 1000.98 0.00 21.00 1000.65 11.12 20.68 21.1 35.6 5.4 996.7 33.00 23.09 1.43
1679211935 2023-03-19 07:45:35 1000.99 0.00 21.00 1000.66 11.12 20.68 21.1 35.6 5.3 996.7 33.00 23.09 1.43
1679211995 2023-03-19 07:46:35 1001.02 0.00 21.00 1000.67 11.12 20.68 21.1 35.6 5.4 996.7 32.99 23.09 1.43
1679212055 2023-03-19 07:47:35 1001.01 0.00 21.00 1000.67 11.12 20.69 21.1 35.6 5.3 996.7 32.99 23.09 1.43
1679212115 2023-03-19 07:48:35 1001.02 0.00 21.00 1000.68 11.10 20.69 21.1 35.7 5.4 996.7 32.98 23.09 1.43
1679212176 2023-03-19 07:49:36 1001.04 0.00 21.00 1000.70 11.10 20.69 21.1 35.6 5.3 996.7 32.98 23.10 1.43
1679212236 2023-03-19 07:50:36 1001.03 0.00 21.00 1000.68 11.10 20.69 21.1 35.7 5.4 996.8 32.98 23.10 1.43
1679212296 2023-03-19 07:51:36 1001.05 0.00 21.00 1000.74 11.10 20.70 21.1 35.7 5.4 996.8 32.98 23.10 1.43
1679212356 2023-03-19 07:52:36 1001.07 0.00 21.01 1000.74 11.09 20.70 21.1 35.7 5.4 996.8 32.99 23.11 1.43
1679212416 2023-03-19 07:53:36 1001.08 0.00 21.01 1000.74 11.10 20.70 21.1 35.8 5.4 996.8 32.99 23.11 1.43
1679212477 2023-03-19 07:54:37 1001.09 0.00 21.01 1000.77 11.10 20.70 21.1 35.7 5.4 996.8 33.00 23.11 1.43
1679212537 2023-03-19 07:55:37 1001.10 0.00 21.01 1000.77 11.09 20.70 21.1 35.7 5.4 996.8 32.99 23.11 1.43
1679212597 2023-03-19 07:56:37 1001.10 0.00 21.01 1000.77 11.10 20.70 21.2 35.7 5.4 996.8 33.00 23.11 1.43
1679212657 2023-03-19 07:57:37 1001.10 0.00 21.02 1000.78 11.08 20.71 21.2 35.7 5.4 996.8 33.00 23.11 1.43
1679212718 2023-03-19 07:58:38 1001.12 0.00 21.02 1000.78 11.08 20.71 21.2 35.8 5.4 996.9 32.99 23.12 1.43
1679212778 2023-03-19 07:59:38 1001.12 0.00 21.02 1000.80 11.08 20.71 21.2 35.7 5.4 996.8 32.99 23.12 1.43
1679212838 2023-03-19 08:00:38 1001.12 0.00 21.02 1000.81 11.07 20.71 21.2 35.8 5.4 996.8 32.99 23.12 1.43
1679212898 2023-03-19 08:01:38 1001.12 0.00 21.03 1000.80 11.07 20.71 21.2 35.8 5.4 996.8 33.00 23.13 1.43
1679212959 2023-03-19 08:02:39 1001.12 0.00 21.03 1000.81 11.07 20.71 21.2 35.8 5.4 996.8 33.0 23.13 1.43
1679213019 2023-03-19 08:03:39 1001.13 0.00 21.03 1000.81 11.07 20.72 21.2 35.8 5.5 996.8 33.00 23.13 1.43
1679213079 2023-03-19 08:04:39 1001.14 0.00 21.03 1000.82 11.07 20.72 21.2 35.8 5.5 996.9 33.0 23.13 1.43
1679213140 2023-03-19 08:05:40 1001.17 0.00 21.04 1000.83 11.07 20.72 21.2 35.8 5.4 996.9 33.00 23.13 1.43
1679213200 2023-03-19 08:06:40 1001.16 0.00 21.04 1000.85 11.07 20.73 21.2 35.8 5.4 996.9 32.99 23.14 1.43
1679213260 2023-03-19 08:07:40 1001.17 0.00 21.04 1000.84 11.06 20.73 21.2 35.9 5.5 996.9 33.0 23.14 1.43
1679213320 2023-03-19 08:08:40 1001.17 0.00 21.04 1000.83 11.06 20.73 21.2 35.8 5.5 996.9 33.00 23.14 1.43
1679213381 2023-03-19 08:09:41 1001.17 0.00 21.04 1000.85 11.05 20.73 21.2 35.9 5.5 996.9 33.00 23.14 1.43
1679213441 2023-03-19 08:10:41 1001.23 0.00 21.04 1000.85 11.05 20.73 21.2 35.9 5.5 996.9 33.00 23.14 1.43
